This is XeTeX, Version 3.141592653-2.6-0.999997 (TeX Live 2025) (preloaded format=xelatex 2025.3.10)  26 MAY 2025 19:54
entering extended mode
 restricted \write18 enabled.
 file:line:error style messages enabled.
 %&-line parsing enabled.
**/home/elowiz/scnu-thesis/mythesis/thesis.tex
(/home/elowiz/scnu-thesis/mythesis/thesis.tex
LaTeX2e <2024-11-01> patch level 2
L3 programming layer <2025-01-18>
(./scnuthesis.cls
Document Class: scnuthesis 
(/usr/local/texlive/2025/texmf-dist/tex/latex/base/ifthen.sty
Package: ifthen 2024/03/16 v1.1e Standard LaTeX ifthen package (DPC)
) (/usr/local/texlive/2025/texmf-dist/tex/latex/tools/calc.sty
Package: calc 2023/07/08 v4.3 Infix arithmetic (KKT,FJ)
\calc@Acount=\count192
\calc@Bcount=\count193
\calc@Adimen=\dimen141
\calc@Bdimen=\dimen142
\calc@Askip=\skip49
\calc@Bskip=\skip50
LaTeX Info: Redefining \setlength on input line 80.
LaTeX Info: Redefining \addtolength on input line 81.
\calc@Ccount=\count194
\calc@Cskip=\skip51
) (/usr/local/texlive/2025/texmf-dist/tex/latex/base/book.cls
Document Class: book 2024/06/29 v1.4n Standard LaTeX document class
(/usr/local/texlive/2025/texmf-dist/tex/latex/base/bk12.clo
File: bk12.clo 2024/06/29 v1.4n Standard LaTeX file (size option)
)
\c@part=\count195
\c@chapter=\count196
\c@section=\count197
\c@subsection=\count198
\c@subsubsection=\count199
\c@paragraph=\count266
\c@subparagraph=\count267
\c@figure=\count268
\c@table=\count269
\abovecaptionskip=\skip52
\belowcaptionskip=\skip53
\bibindent=\dimen143
) (/usr/local/texlive/2025/texmf-dist/tex/latex/psnfss/pifont.sty
Package: pifont 2020/03/25 PSNFSS-v9.3 Pi font support (SPQR) 
LaTeX Font Info:    Trying to load font information for U+pzd on input line 63.
 (/usr/local/texlive/2025/texmf-dist/tex/latex/psnfss/upzd.fd
File: upzd.fd 2001/06/04 font definitions for U/pzd.
)
LaTeX Font Info:    Trying to load font information for U+psy on input line 64.
 (/usr/local/texlive/2025/texmf-dist/tex/latex/psnfss/upsy.fd
File: upsy.fd 2001/06/04 font definitions for U/psy.
)) (/usr/local/texlive/2025/texmf-dist/tex/latex/lm/lmodern.sty
Package: lmodern 2015/05/01 v1.6.1 Latin Modern Fonts
LaTeX Font Info:    Overwriting symbol font `operators' in version `normal'
(Font)                  OT1/cmr/m/n --> OT1/lmr/m/n on input line 22.
LaTeX Font Info:    Overwriting symbol font `letters' in version `normal'
(Font)                  OML/cmm/m/it --> OML/lmm/m/it on input line 23.
LaTeX Font Info:    Overwriting symbol font `symbols' in version `normal'
(Font)                  OMS/cmsy/m/n --> OMS/lmsy/m/n on input line 24.
LaTeX Font Info:    Overwriting symbol font `largesymbols' in version `normal'
(Font)                  OMX/cmex/m/n --> OMX/lmex/m/n on input line 25.
LaTeX Font Info:    Overwriting symbol font `operators' in version `bold'
(Font)                  OT1/cmr/bx/n --> OT1/lmr/bx/n on input line 26.
LaTeX Font Info:    Overwriting symbol font `letters' in version `bold'
(Font)                  OML/cmm/b/it --> OML/lmm/b/it on input line 27.
LaTeX Font Info:    Overwriting symbol font `symbols' in version `bold'
(Font)                  OMS/cmsy/b/n --> OMS/lmsy/b/n on input line 28.
LaTeX Font Info:    Overwriting symbol font `largesymbols' in version `bold'
(Font)                  OMX/cmex/m/n --> OMX/lmex/m/n on input line 29.
LaTeX Font Info:    Overwriting math alphabet `\mathbf' in version `normal'
(Font)                  OT1/cmr/bx/n --> OT1/lmr/bx/n on input line 31.
LaTeX Font Info:    Overwriting math alphabet `\mathsf' in version `normal'
(Font)                  OT1/cmss/m/n --> OT1/lmss/m/n on input line 32.
LaTeX Font Info:    Overwriting math alphabet `\mathit' in version `normal'
(Font)                  OT1/cmr/m/it --> OT1/lmr/m/it on input line 33.
LaTeX Font Info:    Overwriting math alphabet `\mathtt' in version `normal'
(Font)                  OT1/cmtt/m/n --> OT1/lmtt/m/n on input line 34.
LaTeX Font Info:    Overwriting math alphabet `\mathbf' in version `bold'
(Font)                  OT1/cmr/bx/n --> OT1/lmr/bx/n on input line 35.
LaTeX Font Info:    Overwriting math alphabet `\mathsf' in version `bold'
(Font)                  OT1/cmss/bx/n --> OT1/lmss/bx/n on input line 36.
LaTeX Font Info:    Overwriting math alphabet `\mathit' in version `bold'
(Font)                  OT1/cmr/bx/it --> OT1/lmr/bx/it on input line 37.
LaTeX Font Info:    Overwriting math alphabet `\mathtt' in version `bold'
(Font)                  OT1/cmtt/m/n --> OT1/lmtt/m/n on input line 38.
) (/usr/local/texlive/2025/texmf-dist/tex/latex/geometry/geometry.sty
Package: geometry 2020/01/02 v5.9 Page Geometry
 (/usr/local/texlive/2025/texmf-dist/tex/latex/graphics/keyval.sty
Package: keyval 2022/05/29 v1.15 key=value parser (DPC)
\KV@toks@=\toks17
) (/usr/local/texlive/2025/texmf-dist/tex/generic/iftex/ifvtex.sty
Package: ifvtex 2019/10/25 v1.7 ifvtex legacy package. Use iftex instead.
 (/usr/local/texlive/2025/texmf-dist/tex/generic/iftex/iftex.sty
Package: iftex 2024/12/12 v1.0g TeX engine tests
))
\Gm@cnth=\count270
\Gm@cntv=\count271
\c@Gm@tempcnt=\count272
\Gm@bindingoffset=\dimen144
\Gm@wd@mp=\dimen145
\Gm@odd@mp=\dimen146
\Gm@even@mp=\dimen147
\Gm@layoutwidth=\dimen148
\Gm@layoutheight=\dimen149
\Gm@layouthoffset=\dimen150
\Gm@layoutvoffset=\dimen151
\Gm@dimlist=\toks18
) (/usr/local/texlive/2025/texmf-dist/tex/latex/titlesec/titlesec.sty
Package: titlesec 2025/01/04 v2.17 Sectioning titles
\ttl@box=\box52
\beforetitleunit=\skip54
\aftertitleunit=\skip55
\ttl@plus=\dimen152
\ttl@minus=\dimen153
\ttl@toksa=\toks19
\titlewidth=\dimen154
\titlewidthlast=\dimen155
\titlewidthfirst=\dimen156
 (/usr/local/texlive/2025/texmf-dist/tex/latex/titlesec/titleps.sty)) (/usr/local/texlive/2025/texmf-dist/tex/latex/titlesec/titletoc.sty
Package: titletoc 2025/01/04 v2.17 TOC entries
\ttl@leftsep=\dimen157
) (/usr/local/texlive/2025/texmf-dist/tex/latex/graphics/graphicx.sty
Package: graphicx 2021/09/16 v1.2d Enhanced LaTeX Graphics (DPC,SPQR)
 (/usr/local/texlive/2025/texmf-dist/tex/latex/graphics/graphics.sty
Package: graphics 2024/08/06 v1.4g Standard LaTeX Graphics (DPC,SPQR)
 (/usr/local/texlive/2025/texmf-dist/tex/latex/graphics/trig.sty
Package: trig 2023/12/02 v1.11 sin cos tan (DPC)
) (/usr/local/texlive/2025/texmf-dist/tex/latex/graphics-cfg/graphics.cfg
File: graphics.cfg 2016/06/04 v1.11 sample graphics configuration
)
Package graphics Info: Driver file: xetex.def on input line 106.
 (/usr/local/texlive/2025/texmf-dist/tex/latex/graphics-def/xetex.def
File: xetex.def 2022/09/22 v5.0n Graphics/color driver for xetex
))
\Gin@req@height=\dimen158
\Gin@req@width=\dimen159
) (/usr/local/texlive/2025/texmf-dist/tex/latex/subfig/subfig.sty
Package: subfig 2005/06/28 ver: 1.3 subfig package
 (/usr/local/texlive/2025/texmf-dist/tex/latex/caption/caption.sty
Package: caption 2023/08/05 v3.6o Customizing captions (AR)
 (/usr/local/texlive/2025/texmf-dist/tex/latex/caption/caption3.sty
Package: caption3 2023/07/31 v2.4d caption3 kernel (AR)
\caption@tempdima=\dimen160
\captionmargin=\dimen161
\caption@leftmargin=\dimen162
\caption@rightmargin=\dimen163
\caption@width=\dimen164
\caption@indent=\dimen165
\caption@parindent=\dimen166
\caption@hangindent=\dimen167
Package caption Info: Standard document class detected.
)
\c@caption@flags=\count273
\c@continuedfloat=\count274
)
\c@KVtest=\count275
\sf@farskip=\skip56
\sf@captopadj=\dimen168
\sf@capskip=\skip57
\sf@nearskip=\skip58


Package subfig Warning: Configuration file subfig.cfg not found on input line 297.

\c@subfigure=\count276
\c@subfigure@save=\count277
\c@lofdepth=\count278
\c@subtable=\count279
\c@subtable@save=\count280
\c@lotdepth=\count281
\sf@top=\skip59
\sf@bottom=\skip60
) (/usr/local/texlive/2025/texmf-dist/tex/latex/float/float.sty
Package: float 2001/11/08 v1.3d Float enhancements (AL)
\c@float@type=\count282
\float@exts=\toks20
\float@box=\box53
\@float@everytoks=\toks21
\@floatcapt=\box54
) (/usr/local/texlive/2025/texmf-dist/tex/latex/tools/array.sty
Package: array 2024/10/17 v2.6g Tabular extension package (FMi)
\col@sep=\dimen169
\ar@mcellbox=\box55
\extrarowheight=\dimen170
\NC@list=\toks22
\extratabsurround=\skip61
\backup@length=\skip62
\ar@cellbox=\box56
) (/usr/local/texlive/2025/texmf-dist/tex/latex/setspace/setspace.sty
Package: setspace 2022/12/04 v6.7b set line spacing
) (/usr/local/texlive/2025/texmf-dist/tex/latex/tools/longtable.sty
Package: longtable 2024-10-27 v4.22 Multi-page Table package (DPC)
\LTleft=\skip63
\LTright=\skip64
\LTpre=\skip65
\LTpost=\skip66
\LTchunksize=\count283
\LTcapwidth=\dimen171
\LT@head=\box57
\LT@firsthead=\box58
\LT@foot=\box59
\LT@lastfoot=\box60
\LT@gbox=\box61
\LT@cols=\count284
\LT@rows=\count285
\c@LT@tables=\count286
\c@LT@chunks=\count287
\LT@p@ftn=\toks23
) (/usr/local/texlive/2025/texmf-dist/tex/latex/booktabs/booktabs.sty
Package: booktabs 2020/01/12 v1.61803398 Publication quality tables
\heavyrulewidth=\dimen172
\lightrulewidth=\dimen173
\cmidrulewidth=\dimen174
\belowrulesep=\dimen175
\belowbottomsep=\dimen176
\aboverulesep=\dimen177
\abovetopsep=\dimen178
\cmidrulesep=\dimen179
\cmidrulekern=\dimen180
\defaultaddspace=\dimen181
\@cmidla=\count288
\@cmidlb=\count289
\@aboverulesep=\dimen182
\@belowrulesep=\dimen183
\@thisruleclass=\count290
\@lastruleclass=\count291
\@thisrulewidth=\dimen184
) (/usr/local/texlive/2025/texmf-dist/tex/latex/multirow/multirow.sty
Package: multirow 2024/11/12 v2.9 Span multiple rows of a table
\multirow@colwidth=\skip67
\multirow@cntb=\count292
\multirow@dima=\skip68
\bigstrutjot=\dimen185
) (/usr/local/texlive/2025/texmf-dist/tex/latex/tools/tabularx.sty
Package: tabularx 2023/12/11 v2.12a `tabularx' package (DPC)
\TX@col@width=\dimen186
\TX@old@table=\dimen187
\TX@old@col=\dimen188
\TX@target=\dimen189
\TX@delta=\dimen190
\TX@cols=\count293
\TX@ftn=\toks24
) (/usr/local/texlive/2025/texmf-dist/tex/latex/diagbox/diagbox.sty
Package: diagbox 2020/02/09 v2.3 Making table heads with diagonal lines
 (/usr/local/texlive/2025/texmf-dist/tex/latex/pict2e/pict2e.sty
Package: pict2e 2020/09/30 v0.4b Improved picture commands (HjG,RN,JT)
 (/usr/local/texlive/2025/texmf-dist/tex/latex/pict2e/pict2e.cfg
File: pict2e.cfg 2016/02/05 v0.1u pict2e configuration for teTeX/TeXLive
)
Package pict2e Info: Driver file: xetex.def on input line 112.
Package pict2e Info: Driver file for pict2e: p2e-xetex.def on input line 114.
 (/usr/local/texlive/2025/texmf-dist/tex/latex/pict2e/p2e-xetex.def
File: p2e-xetex.def 2016/02/05 v0.1u Driver-dependant file (RN,HjG,JT)
)
\pIIe@GRAPH=\toks25
\@arclen=\dimen191
\@arcrad=\dimen192
\pIIe@tempdima=\dimen193
\pIIe@tempdimb=\dimen194
\pIIe@tempdimc=\dimen195
\pIIe@tempdimd=\dimen196
\pIIe@tempdime=\dimen197
\pIIe@tempdimf=\dimen198
)
\diagbox@boxa=\box62
\diagbox@boxb=\box63
\diagbox@boxm=\box64
\diagbox@wd=\dimen199
\diagbox@ht=\dimen256
\diagbox@insepl=\dimen257
\diagbox@insepr=\dimen258
\diagbox@outsepl=\dimen259
\diagbox@outsepr=\dimen260
) (/usr/local/texlive/2025/texmf-dist/tex/latex/paralist/paralist.sty
Package: paralist 2017/01/22 v2.7 Extended list environments
\pltopsep=\skip69
\plpartopsep=\skip70
\plitemsep=\skip71
\plparsep=\skip72
\pl@lab=\toks26
) (/usr/local/texlive/2025/texmf-dist/tex/latex/xcolor/xcolor.sty
Package: xcolor 2024/09/29 v3.02 LaTeX color extensions (UK)
 (/usr/local/texlive/2025/texmf-dist/tex/latex/graphics-cfg/color.cfg
File: color.cfg 2016/01/02 v1.6 sample color configuration
)
Package xcolor Info: Driver file: xetex.def on input line 274.
 (/usr/local/texlive/2025/texmf-dist/tex/latex/graphics/mathcolor.ltx)
Package xcolor Info: Model `cmy' substituted by `cmy0' on input line 1349.
Package xcolor Info: Model `RGB' extended on input line 1365.
Package xcolor Info: Model `HTML' substituted by `rgb' on input line 1367.
Package xcolor Info: Model `Hsb' substituted by `hsb' on input line 1368.
Package xcolor Info: Model `tHsb' substituted by `hsb' on input line 1369.
Package xcolor Info: Model `HSB' substituted by `hsb' on input line 1370.
Package xcolor Info: Model `Gray' substituted by `gray' on input line 1371.
Package xcolor Info: Model `wave' substituted by `hsb' on input line 1372.
) (/usr/local/texlive/2025/texmf-dist/tex/latex/amsmath/amsmath.sty
Package: amsmath 2024/11/05 v2.17t AMS math features
\@mathmargin=\skip73

For additional information on amsmath, use the `?' option.
(/usr/local/texlive/2025/texmf-dist/tex/latex/amsmath/amstext.sty
Package: amstext 2021/08/26 v2.01 AMS text
 (/usr/local/texlive/2025/texmf-dist/tex/latex/amsmath/amsgen.sty
File: amsgen.sty 1999/11/30 v2.0 generic functions
\@emptytoks=\toks27
\ex@=\dimen261
)) (/usr/local/texlive/2025/texmf-dist/tex/latex/amsmath/amsbsy.sty
Package: amsbsy 1999/11/29 v1.2d Bold Symbols
\pmbraise@=\dimen262
) (/usr/local/texlive/2025/texmf-dist/tex/latex/amsmath/amsopn.sty
Package: amsopn 2022/04/08 v2.04 operator names
)
\inf@bad=\count294
LaTeX Info: Redefining \frac on input line 233.
\uproot@=\count295
\leftroot@=\count296
LaTeX Info: Redefining \overline on input line 398.
LaTeX Info: Redefining \colon on input line 409.
\classnum@=\count297
\DOTSCASE@=\count298
LaTeX Info: Redefining \ldots on input line 495.
LaTeX Info: Redefining \dots on input line 498.
LaTeX Info: Redefining \cdots on input line 619.
\Mathstrutbox@=\box65
\strutbox@=\box66
LaTeX Info: Redefining \big on input line 721.
LaTeX Info: Redefining \Big on input line 722.
LaTeX Info: Redefining \bigg on input line 723.
LaTeX Info: Redefining \Bigg on input line 724.
\big@size=\dimen263
LaTeX Font Info:    Redeclaring font encoding OML on input line 742.
LaTeX Font Info:    Redeclaring font encoding OMS on input line 743.
\macc@depth=\count299
LaTeX Info: Redefining \bmod on input line 904.
LaTeX Info: Redefining \pmod on input line 909.
LaTeX Info: Redefining \smash on input line 939.
LaTeX Info: Redefining \relbar on input line 969.
LaTeX Info: Redefining \Relbar on input line 970.
\c@MaxMatrixCols=\count300
\dotsspace@=\muskip17
\c@parentequation=\count301
\dspbrk@lvl=\count302
\tag@help=\toks28
\row@=\count303
\column@=\count304
\maxfields@=\count305
\andhelp@=\toks29
\eqnshift@=\dimen264
\alignsep@=\dimen265
\tagshift@=\dimen266
\tagwidth@=\dimen267
\totwidth@=\dimen268
\lineht@=\dimen269
\@envbody=\toks30
\multlinegap=\skip74
\multlinetaggap=\skip75
\mathdisplay@stack=\toks31
LaTeX Info: Redefining \[ on input line 2953.
LaTeX Info: Redefining \] on input line 2954.
) (/usr/local/texlive/2025/texmf-dist/tex/latex/amsfonts/amssymb.sty
Package: amssymb 2013/01/14 v3.01 AMS font symbols
 (/usr/local/texlive/2025/texmf-dist/tex/latex/amsfonts/amsfonts.sty
Package: amsfonts 2013/01/14 v3.01 Basic AMSFonts support
\symAMSa=\mathgroup4
\symAMSb=\mathgroup5
LaTeX Font Info:    Redeclaring math symbol \hbar on input line 98.
LaTeX Font Info:    Overwriting math alphabet `\mathfrak' in version `bold'
(Font)                  U/euf/m/n --> U/euf/b/n on input line 106.
)) (/usr/local/texlive/2025/texmf-dist/tex/latex/tools/bm.sty
Package: bm 2023/12/19 v1.2f Bold Symbol Support (DPC/FMi)
\symboldoperators=\mathgroup6
\symboldletters=\mathgroup7
\symboldsymbols=\mathgroup8
Package bm Info: No bold for \OMX/lmex/m/n, using \pmb.
Package bm Info: No bold for \U/msa/m/n, using \pmb.
Package bm Info: No bold for \U/msb/m/n, using \pmb.
LaTeX Font Info:    Redeclaring math alphabet \mathbf on input line 149.
) (/usr/local/texlive/2025/texmf-dist/tex/latex/txfonts/txfonts.sty
Package: txfonts 2008/01/22 v3.2.1
LaTeX Font Info:    Redeclaring symbol font `operators' on input line 21.
LaTeX Font Info:    Overwriting symbol font `operators' in version `normal'
(Font)                  OT1/lmr/m/n --> OT1/txr/m/n on input line 21.
LaTeX Font Info:    Overwriting symbol font `operators' in version `bold'
(Font)                  OT1/lmr/bx/n --> OT1/txr/m/n on input line 21.
LaTeX Font Info:    Overwriting symbol font `operators' in version `bold'
(Font)                  OT1/txr/m/n --> OT1/txr/bx/n on input line 22.
\symitalic=\mathgroup9
LaTeX Font Info:    Overwriting symbol font `italic' in version `bold'
(Font)                  OT1/txr/m/it --> OT1/txr/bx/it on input line 26.
LaTeX Font Info:    Redeclaring math alphabet \mathbf on input line 29.
LaTeX Font Info:    Redeclaring math alphabet \mathit on input line 30.
LaTeX Font Info:    Overwriting math alphabet `\mathit' in version `normal'
(Font)                  OT1/lmr/m/it --> OT1/txr/m/it on input line 30.
LaTeX Font Info:    Overwriting math alphabet `\mathit' in version `bold'
(Font)                  OT1/lmr/bx/it --> OT1/txr/m/it on input line 30.
LaTeX Font Info:    Overwriting math alphabet `\mathit' in version `bold'
(Font)                  OT1/txr/m/it --> OT1/txr/bx/it on input line 31.
LaTeX Font Info:    Redeclaring math alphabet \mathsf on input line 40.
LaTeX Font Info:    Overwriting math alphabet `\mathsf' in version `normal'
(Font)                  OT1/lmss/m/n --> OT1/txss/m/n on input line 40.
LaTeX Font Info:    Overwriting math alphabet `\mathsf' in version `bold'
(Font)                  OT1/lmss/bx/n --> OT1/txss/m/n on input line 40.
LaTeX Font Info:    Overwriting math alphabet `\mathsf' in version `bold'
(Font)                  OT1/txss/m/n --> OT1/txss/b/n on input line 41.
LaTeX Font Info:    Redeclaring math alphabet \mathtt on input line 50.
LaTeX Font Info:    Overwriting math alphabet `\mathtt' in version `normal'
(Font)                  OT1/lmtt/m/n --> OT1/txtt/m/n on input line 50.
LaTeX Font Info:    Overwriting math alphabet `\mathtt' in version `bold'
(Font)                  OT1/lmtt/m/n --> OT1/txtt/m/n on input line 50.
LaTeX Font Info:    Overwriting math alphabet `\mathtt' in version `bold'
(Font)                  OT1/txtt/m/n --> OT1/txtt/b/n on input line 51.
LaTeX Font Info:    Redeclaring symbol font `letters' on input line 58.
LaTeX Font Info:    Overwriting symbol font `letters' in version `normal'
(Font)                  OML/lmm/m/it --> OML/txmi/m/it on input line 58.
LaTeX Font Info:    Overwriting symbol font `letters' in version `bold'
(Font)                  OML/lmm/b/it --> OML/txmi/m/it on input line 58.
LaTeX Font Info:    Overwriting symbol font `letters' in version `bold'
(Font)                  OML/txmi/m/it --> OML/txmi/bx/it on input line 59.
\symlettersA=\mathgroup10
LaTeX Font Info:    Overwriting symbol font `lettersA' in version `bold'
(Font)                  U/txmia/m/it --> U/txmia/bx/it on input line 67.
LaTeX Font Info:    Redeclaring math alphabet \mathfrak on input line 70.
LaTeX Font Info:    Redeclaring symbol font `symbols' on input line 77.
LaTeX Font Info:    Overwriting symbol font `symbols' in version `normal'
(Font)                  OMS/lmsy/m/n --> OMS/txsy/m/n on input line 77.
LaTeX Font Info:    Overwriting symbol font `symbols' in version `bold'
(Font)                  OMS/lmsy/b/n --> OMS/txsy/m/n on input line 77.
LaTeX Font Info:    Overwriting symbol font `symbols' in version `bold'
(Font)                  OMS/txsy/m/n --> OMS/txsy/bx/n on input line 78.
LaTeX Font Info:    Redeclaring symbol font `AMSa' on input line 93.
LaTeX Font Info:    Overwriting symbol font `AMSa' in version `normal'
(Font)                  U/msa/m/n --> U/txsya/m/n on input line 93.
LaTeX Font Info:    Overwriting symbol font `AMSa' in version `bold'
(Font)                  U/msa/m/n --> U/txsya/m/n on input line 93.
LaTeX Font Info:    Overwriting symbol font `AMSa' in version `bold'
(Font)                  U/txsya/m/n --> U/txsya/bx/n on input line 94.
LaTeX Font Info:    Redeclaring symbol font `AMSb' on input line 102.
LaTeX Font Info:    Overwriting symbol font `AMSb' in version `normal'
(Font)                  U/msb/m/n --> U/txsyb/m/n on input line 102.
LaTeX Font Info:    Overwriting symbol font `AMSb' in version `bold'
(Font)                  U/msb/m/n --> U/txsyb/m/n on input line 102.
LaTeX Font Info:    Overwriting symbol font `AMSb' in version `bold'
(Font)                  U/txsyb/m/n --> U/txsyb/bx/n on input line 103.
\symsymbolsC=\mathgroup11
LaTeX Font Info:    Overwriting symbol font `symbolsC' in version `bold'
(Font)                  U/txsyc/m/n --> U/txsyc/bx/n on input line 113.
LaTeX Font Info:    Redeclaring symbol font `largesymbols' on input line 120.
LaTeX Font Info:    Overwriting symbol font `largesymbols' in version `normal'
(Font)                  OMX/lmex/m/n --> OMX/txex/m/n on input line 120.
LaTeX Font Info:    Overwriting symbol font `largesymbols' in version `bold'
(Font)                  OMX/lmex/m/n --> OMX/txex/m/n on input line 120.
LaTeX Font Info:    Overwriting symbol font `largesymbols' in version `bold'
(Font)                  OMX/txex/m/n --> OMX/txex/bx/n on input line 121.
\symlargesymbolsA=\mathgroup12
LaTeX Font Info:    Overwriting symbol font `largesymbolsA' in version `bold'
(Font)                  U/txexa/m/n --> U/txexa/bx/n on input line 129.
LaTeX Font Info:    Redeclaring math symbol \mathsterling on input line 164.
LaTeX Info: Redefining \not on input line 1043.
) (/usr/local/texlive/2025/texmf-dist/tex/latex/ntheorem/ntheorem.sty
Style `ntheorem', Version 1.33 <2011/08/15>
Package: ntheorem 2011/08/15 1.33
\theorem@style=\toks32
\theorem@@style=\toks33
\theorembodyfont=\toks34
\theoremnumbering=\toks35
\theorempreskipamount=\skip76
\theorempostskipamount=\skip77
\theoremframepreskipamount=\skip78
\theoremframepostskipamount=\skip79
\theoreminframepreskipamount=\skip80
\theoreminframepostskipamount=\skip81
\theorem@preskip=\toks36
\theorem@postskip=\toks37
\theorem@framepreskip=\toks38
\theorem@framepostskip=\toks39
\theorem@inframepreskip=\toks40
\theorem@inframepostskip=\toks41
\theoremindent=\dimen270
\theorem@indent=\dimen271
\theoremrightindent=\dimen272
\theorem@rightindent=\dimen273
\theoremheaderfont=\toks42
\theoremseparator=\toks43
\theoremprework=\toks44
\theorempostwork=\toks45
\theoremsymbol=\toks46
\qedsymbol=\toks47
\theoremkeyword=\toks48
\qedsymbol=\toks49
\thm@topsep=\skip82
\thm@topsepadd=\skip83
Package ntheorem Info: Option `thmmarks' loaded on input line 1175.
\c@endNonectr=\count306
\c@currNonectr=\count307
\mysavskip=\skip84
Package ntheorem Info: option `amsmath' handling for `thmmarks' loaded on input line 1175.
\thm@amstmpdepth=\dimen274
\tagwidth=\dimen275
) (/usr/local/texlive/2025/texmf-dist/tex/xelatex/xecjk/xeCJK.sty (/usr/local/texlive/2025/texmf-dist/tex/latex/l3kernel/expl3.sty
Package: expl3 2025-01-18 L3 programming layer (loader) 
 (/usr/local/texlive/2025/texmf-dist/tex/latex/l3backend/l3backend-xetex.def
File: l3backend-xetex.def 2024-05-08 L3 backend support: XeTeX
\g__graphics_track_int=\count308
\l__pdf_internal_box=\box67
\g__pdf_backend_annotation_int=\count309
\g__pdf_backend_link_int=\count310
))
Package: xeCJK 2022/08/05 v3.9.1 Typesetting CJK scripts with XeLaTeX
 (/usr/local/texlive/2025/texmf-dist/tex/latex/ctex/ctexhook.sty
Package: ctexhook 2022/07/14 v2.5.10 Document and package hooks (CTEX)
) (/usr/local/texlive/2025/texmf-dist/tex/latex/l3packages/xtemplate/xtemplate.sty
Package: xtemplate 2024-08-16 L3 Experimental prototype document functions
)
\l__xeCJK_tmp_int=\count311
\l__xeCJK_tmp_box=\box68
\l__xeCJK_tmp_dim=\dimen276
\l__xeCJK_tmp_skip=\skip85
\g__xeCJK_space_factor_int=\count312
\l__xeCJK_begin_int=\count313
\l__xeCJK_end_int=\count314
\c__xeCJK_CJK_class_int=\XeTeXcharclass1
\c__xeCJK_FullLeft_class_int=\XeTeXcharclass2
\c__xeCJK_FullRight_class_int=\XeTeXcharclass3
\c__xeCJK_HalfLeft_class_int=\XeTeXcharclass4
\c__xeCJK_HalfRight_class_int=\XeTeXcharclass5
\c__xeCJK_NormalSpace_class_int=\XeTeXcharclass6
\c__xeCJK_CM_class_int=\XeTeXcharclass7
\c__xeCJK_HangulJamo_class_int=\XeTeXcharclass8
\l__xeCJK_last_skip=\skip86
\c__xeCJK_none_node=\count315
\g__xeCJK_node_int=\count316
\c__xeCJK_CJK_node_dim=\dimen277
\c__xeCJK_CJK-space_node_dim=\dimen278
\c__xeCJK_default_node_dim=\dimen279
\c__xeCJK_CJK-widow_node_dim=\dimen280
\c__xeCJK_normalspace_node_dim=\dimen281
\c__xeCJK_default-space_node_skip=\skip87
\l__xeCJK_ccglue_skip=\skip88
\l__xeCJK_ecglue_skip=\skip89
\l__xeCJK_punct_kern_skip=\skip90
\l__xeCJK_indent_box=\box69
\l__xeCJK_last_penalty_int=\count317
\l__xeCJK_last_bound_dim=\dimen282
\l__xeCJK_last_kern_dim=\dimen283
\l__xeCJK_widow_penalty_int=\count318

LaTeX template Info: Declaring template type 'xeCJK/punctuation' taking 0
(template)           argument(s) on line 2396.

\l__xeCJK_fixed_punct_width_dim=\dimen284
\l__xeCJK_mixed_punct_width_dim=\dimen285
\l__xeCJK_middle_punct_width_dim=\dimen286
\l__xeCJK_fixed_margin_width_dim=\dimen287
\l__xeCJK_mixed_margin_width_dim=\dimen288
\l__xeCJK_middle_margin_width_dim=\dimen289
\l__xeCJK_bound_punct_width_dim=\dimen290
\l__xeCJK_bound_margin_width_dim=\dimen291
\l__xeCJK_margin_minimum_dim=\dimen292
\l__xeCJK_kerning_total_width_dim=\dimen293
\l__xeCJK_same_align_margin_dim=\dimen294
\l__xeCJK_different_align_margin_dim=\dimen295
\l__xeCJK_kerning_margin_width_dim=\dimen296
\l__xeCJK_kerning_margin_minimum_dim=\dimen297
\l__xeCJK_bound_dim=\dimen298
\l__xeCJK_reverse_bound_dim=\dimen299
\l__xeCJK_margin_dim=\dimen300
\l__xeCJK_minimum_bound_dim=\dimen301
\l__xeCJK_kerning_margin_dim=\dimen302
\g__xeCJK_family_int=\count319
\l__xeCJK_fam_int=\count320
\g__xeCJK_fam_allocation_int=\count321
\l__xeCJK_verb_case_int=\count322
\l__xeCJK_verb_exspace_skip=\skip91


Package xeCJK Warning: The `CJKnumber' option is deprecated.
(xeCJK)                You may load the package `CJKnumb' after xeCJK to use
(xeCJK)                its function.
(xeCJK)                

(/usr/local/texlive/2025/texmf-dist/tex/latex/fontspec/fontspec.sty (/usr/local/texlive/2025/texmf-dist/tex/latex/l3packages/xparse/xparse.sty
Package: xparse 2024-08-16 L3 Experimental document command parser
)
Package: fontspec 2024/05/11 v2.9e Font selection for XeLaTeX and LuaLaTeX
 (/usr/local/texlive/2025/texmf-dist/tex/latex/fontspec/fontspec-xetex.sty
Package: fontspec-xetex 2024/05/11 v2.9e Font selection for XeLaTeX and LuaLaTeX
\l__fontspec_script_int=\count323
\l__fontspec_language_int=\count324
\l__fontspec_strnum_int=\count325
\l__fontspec_tmp_int=\count326
\l__fontspec_tmpa_int=\count327
\l__fontspec_tmpb_int=\count328
\l__fontspec_tmpc_int=\count329
\l__fontspec_em_int=\count330
\l__fontspec_emdef_int=\count331
\l__fontspec_strong_int=\count332
\l__fontspec_strongdef_int=\count333
\l__fontspec_tmpa_dim=\dimen303
\l__fontspec_tmpb_dim=\dimen304
\l__fontspec_tmpc_dim=\dimen305
 (/usr/local/texlive/2025/texmf-dist/tex/latex/base/fontenc.sty
Package: fontenc 2021/04/29 v2.0v Standard LaTeX package
) (/usr/local/texlive/2025/texmf-dist/tex/latex/fontspec/fontspec.cfg))) (/usr/local/texlive/2025/texmf-dist/tex/xelatex/xecjk/xeCJK.cfg
File: xeCJK.cfg 2022/08/05 v3.9.1 Configuration file for xeCJK package
)) (/usr/local/texlive/2025/texmf-dist/tex/generic/ulem/ulem.sty
\UL@box=\box70
\UL@hyphenbox=\box71
\UL@skip=\skip92
\UL@hook=\toks50
\UL@height=\dimen306
\UL@pe=\count334
\UL@pixel=\dimen307
\ULC@box=\box72
Package: ulem 2019/11/18
\ULdepth=\dimen308
) (/usr/local/texlive/2025/texmf-dist/tex/latex/tools/indentfirst.sty
Package: indentfirst 2023/07/02 v1.03 Indent first paragraph (DPC)
) (/usr/local/texlive/2025/texmf-dist/tex/latex/natbib/natbib.sty
Package: natbib 2010/09/13 8.31b (PWD, AO)
\bibhang=\skip93
\bibsep=\skip94
LaTeX Info: Redefining \cite on input line 694.
\c@NAT@ctr=\count335
) (/usr/local/texlive/2025/texmf-dist/tex/latex/hyperref/hyperref.sty
Package: hyperref 2024-11-05 v7.01l Hypertext links for LaTeX
 (/usr/local/texlive/2025/texmf-dist/tex/latex/kvsetkeys/kvsetkeys.sty
Package: kvsetkeys 2022-10-05 v1.19 Key value parser (HO)
) (/usr/local/texlive/2025/texmf-dist/tex/generic/kvdefinekeys/kvdefinekeys.sty
Package: kvdefinekeys 2019-12-19 v1.6 Define keys (HO)
) (/usr/local/texlive/2025/texmf-dist/tex/generic/pdfescape/pdfescape.sty
Package: pdfescape 2019/12/09 v1.15 Implements pdfTeX's escape features (HO)
 (/usr/local/texlive/2025/texmf-dist/tex/generic/ltxcmds/ltxcmds.sty
Package: ltxcmds 2023-12-04 v1.26 LaTeX kernel commands for general use (HO)
) (/usr/local/texlive/2025/texmf-dist/tex/generic/pdftexcmds/pdftexcmds.sty
Package: pdftexcmds 2020-06-27 v0.33 Utility functions of pdfTeX for LuaTeX (HO)
 (/usr/local/texlive/2025/texmf-dist/tex/generic/infwarerr/infwarerr.sty
Package: infwarerr 2019/12/03 v1.5 Providing info/warning/error messages (HO)
)
Package pdftexcmds Info: \pdf@primitive is available.
Package pdftexcmds Info: \pdf@ifprimitive is available.
Package pdftexcmds Info: \pdfdraftmode not found.
)) (/usr/local/texlive/2025/texmf-dist/tex/latex/hycolor/hycolor.sty
Package: hycolor 2020-01-27 v1.10 Color options for hyperref/bookmark (HO)
) (/usr/local/texlive/2025/texmf-dist/tex/latex/hyperref/nameref.sty
Package: nameref 2023-11-26 v2.56 Cross-referencing by name of section
 (/usr/local/texlive/2025/texmf-dist/tex/latex/refcount/refcount.sty
Package: refcount 2019/12/15 v3.6 Data extraction from label references (HO)
) (/usr/local/texlive/2025/texmf-dist/tex/generic/gettitlestring/gettitlestring.sty
Package: gettitlestring 2019/12/15 v1.6 Cleanup title references (HO)
 (/usr/local/texlive/2025/texmf-dist/tex/latex/kvoptions/kvoptions.sty
Package: kvoptions 2022-06-15 v3.15 Key value format for package options (HO)
))
\c@section@level=\count336
) (/usr/local/texlive/2025/texmf-dist/tex/latex/etoolbox/etoolbox.sty
Package: etoolbox 2025/02/11 v2.5l e-TeX tools for LaTeX (JAW)
\etb@tempcnta=\count337
) (/usr/local/texlive/2025/texmf-dist/tex/generic/stringenc/stringenc.sty
Package: stringenc 2019/11/29 v1.12 Convert strings between diff. encodings (HO)
)
\@linkdim=\dimen309
\Hy@linkcounter=\count338
\Hy@pagecounter=\count339
 (/usr/local/texlive/2025/texmf-dist/tex/latex/hyperref/pd1enc.def
File: pd1enc.def 2024-11-05 v7.01l Hyperref: PDFDocEncoding definition (HO)
) (/usr/local/texlive/2025/texmf-dist/tex/generic/intcalc/intcalc.sty
Package: intcalc 2019/12/15 v1.3 Expandable calculations with integers (HO)
)
\Hy@SavedSpaceFactor=\count340
 (/usr/local/texlive/2025/texmf-dist/tex/latex/hyperref/puenc.def
File: puenc.def 2024-11-05 v7.01l Hyperref: PDF Unicode definition (HO)
)
Package hyperref Info: Option `CJKbookmarks' set `true' on input line 4040.
Package hyperref Info: Hyper figures OFF on input line 4157.
Package hyperref Info: Link nesting OFF on input line 4162.
Package hyperref Info: Hyper index ON on input line 4165.
Package hyperref Info: Plain pages OFF on input line 4172.
Package hyperref Info: Backreferencing OFF on input line 4177.
Package hyperref Info: Implicit mode ON; LaTeX internals redefined.
Package hyperref Info: Bookmarks ON on input line 4424.
\c@Hy@tempcnt=\count341
 (/usr/local/texlive/2025/texmf-dist/tex/latex/url/url.sty
\Urlmuskip=\muskip18
Package: url 2013/09/16  ver 3.4  Verb mode for urls, etc.
)
LaTeX Info: Redefining \url on input line 4763.
\XeTeXLinkMargin=\dimen310
 (/usr/local/texlive/2025/texmf-dist/tex/generic/bitset/bitset.sty
Package: bitset 2019/12/09 v1.3 Handle bit-vector datatype (HO)
 (/usr/local/texlive/2025/texmf-dist/tex/generic/bigintcalc/bigintcalc.sty
Package: bigintcalc 2019/12/15 v1.5 Expandable calculations on big integers (HO)
))
\Fld@menulength=\count342
\Field@Width=\dimen311
\Fld@charsize=\dimen312
Package hyperref Info: Hyper figures OFF on input line 6042.
Package hyperref Info: Link nesting OFF on input line 6047.
Package hyperref Info: Hyper index ON on input line 6050.
Package hyperref Info: backreferencing OFF on input line 6057.
Package hyperref Info: Link coloring OFF on input line 6062.
Package hyperref Info: Link coloring with OCG OFF on input line 6067.
Package hyperref Info: PDF/A mode OFF on input line 6072.
 (/usr/local/texlive/2025/texmf-dist/tex/latex/base/atbegshi-ltx.sty
Package: atbegshi-ltx 2021/01/10 v1.0c Emulation of the original atbegshi
package with kernel methods
)
\Hy@abspage=\count343
\c@Item=\count344
\c@Hfootnote=\count345
)
Package hyperref Info: Driver (autodetected): hxetex.
 (/usr/local/texlive/2025/texmf-dist/tex/latex/hyperref/hxetex.def
File: hxetex.def 2024-11-05 v7.01l Hyperref driver for XeTeX
\pdfm@box=\box73
\c@Hy@AnnotLevel=\count346
\HyField@AnnotCount=\count347
\Fld@listcount=\count348
\c@bookmark@seq@number=\count349
 (/usr/local/texlive/2025/texmf-dist/tex/latex/rerunfilecheck/rerunfilecheck.sty
Package: rerunfilecheck 2022-07-10 v1.10 Rerun checks for auxiliary files (HO)
 (/usr/local/texlive/2025/texmf-dist/tex/latex/base/atveryend-ltx.sty
Package: atveryend-ltx 2020/08/19 v1.0a Emulation of the original atveryend package
with kernel methods
) (/usr/local/texlive/2025/texmf-dist/tex/generic/uniquecounter/uniquecounter.sty
Package: uniquecounter 2019/12/15 v1.4 Provide unlimited unique counter (HO)
)
Package uniquecounter Info: New unique counter `rerunfilecheck' on input line 285.
)
\Hy@SectionHShift=\skip95
) (/usr/local/texlive/2025/texmf-dist/tex/latex/adjustbox/adjustbox.sty
Package: adjustbox 2025/02/26 v1.3c Adjusting TeX boxes (trim, clip, ...)
 (/usr/local/texlive/2025/texmf-dist/tex/latex/xkeyval/xkeyval.sty
Package: xkeyval 2022/06/16 v2.9 package option processing (HA)
 (/usr/local/texlive/2025/texmf-dist/tex/generic/xkeyval/xkeyval.tex (/usr/local/texlive/2025/texmf-dist/tex/generic/xkeyval/xkvutils.tex
\XKV@toks=\toks51
\XKV@tempa@toks=\toks52
)
\XKV@depth=\count350
File: xkeyval.tex 2014/12/03 v2.7a key=value parser (HA)
)) (/usr/local/texlive/2025/texmf-dist/tex/latex/adjustbox/adjcalc.sty
Package: adjcalc 2012/05/16 v1.1 Provides advanced setlength with multiple back-ends (calc, etex, pgfmath)
) (/usr/local/texlive/2025/texmf-dist/tex/latex/adjustbox/trimclip.sty
Package: trimclip 2025/02/21 v1.2a Trim and clip general TeX material
 (/usr/local/texlive/2025/texmf-dist/tex/latex/collectbox/collectbox.sty
Package: collectbox 2022/10/17 v0.4c Collect macro arguments as boxes
\collectedbox=\box74
)
\tc@llx=\dimen313
\tc@lly=\dimen314
\tc@urx=\dimen315
\tc@ury=\dimen316
Package trimclip Info: Using driver 'tc-xetex.def'.
 (/usr/local/texlive/2025/texmf-dist/tex/latex/adjustbox/tc-xetex.def
File: tc-xetex.def 2019/01/04 v2.2 Clipping driver for xetex
))
\adjbox@Width=\dimen317
\adjbox@Height=\dimen318
\adjbox@Depth=\dimen319
\adjbox@Totalheight=\dimen320
\adjbox@pwidth=\dimen321
\adjbox@pheight=\dimen322
\adjbox@pdepth=\dimen323
\adjbox@ptotalheight=\dimen324
 (/usr/local/texlive/2025/texmf-dist/tex/latex/ifoddpage/ifoddpage.sty
Package: ifoddpage 2022/10/18 v1.2 Conditionals for odd/even page detection
\c@checkoddpage=\count351
) (/usr/local/texlive/2025/texmf-dist/tex/latex/varwidth/varwidth.sty
Package: varwidth 2009/03/30 ver 0.92;  Variable-width minipages
\@vwid@box=\box75
\sift@deathcycles=\count352
\@vwid@loff=\dimen325
\@vwid@roff=\dimen326
)) (/usr/local/texlive/2025/texmf-dist/tex/generic/mathabx/mathabx.sty
Package: mathabx 2003/07/29 v0.0 Non-standard LaTeX package mathabx
\symmatha=\mathgroup13
\symmathb=\mathgroup14
\symmathx=\mathgroup15
 (/usr/local/texlive/2025/texmf-dist/tex/generic/mathabx/mathabx.dcl
LaTeX Font Info:    Redeclaring math symbol \cdotp on input line 25.
LaTeX Font Info:    Redeclaring math symbol \times on input line 33.
LaTeX Font Info:    Redeclaring math symbol \div on input line 34.
LaTeX Font Info:    Redeclaring math symbol \cdot on input line 35.
LaTeX Font Info:    Redeclaring math symbol \circ on input line 36.
LaTeX Font Info:    Redeclaring math symbol \ast on input line 38.
LaTeX Font Info:    Redeclaring math symbol \pm on input line 41.
LaTeX Font Info:    Redeclaring math symbol \mp on input line 42.
LaTeX Font Info:    Redeclaring math symbol \ltimes on input line 43.
LaTeX Font Info:    Redeclaring math symbol \rtimes on input line 44.
LaTeX Font Info:    Redeclaring math symbol \diamond on input line 45.
LaTeX Font Info:    Redeclaring math symbol \bullet on input line 46.
LaTeX Font Info:    Redeclaring math symbol \star on input line 47.
LaTeX Font Info:    Redeclaring math symbol \amalg on input line 51.
LaTeX Font Info:    Redeclaring math symbol \dotplus on input line 58.
LaTeX Font Info:    Redeclaring math symbol \square on input line 63.
LaTeX Font Info:    Redeclaring math symbol \divideontimes on input line 71.
LaTeX Font Info:    Redeclaring math symbol \bigstar on input line 75.
LaTeX Font Info:    Redeclaring math symbol \equiv on input line 83.
LaTeX Font Info:    Redeclaring math symbol \sim on input line 84.
LaTeX Font Info:    Redeclaring math symbol \approx on input line 85.
LaTeX Font Info:    Redeclaring math symbol \simeq on input line 86.
LaTeX Font Info:    Redeclaring math symbol \asymp on input line 89.
LaTeX Font Info:    Redeclaring math symbol \nsim on input line 97.
LaTeX Font Info:    Redeclaring math symbol \napprox on input line 98.
LaTeX Font Info:    Redeclaring math symbol \nsimeq on input line 99.
LaTeX Font Info:    Redeclaring math symbol \ncong on input line 100.
LaTeX Font Info:    Redeclaring math symbol \risingdotseq on input line 118.
LaTeX Font Info:    Redeclaring math symbol \fallingdotseq on input line 119.
LaTeX Font Info:    Redeclaring math symbol \coloneq on input line 120.
LaTeX Font Info:    Redeclaring math symbol \eqcolon on input line 121.
LaTeX Font Info:    Redeclaring math symbol \circeq on input line 125.
LaTeX Font Info:    Redeclaring math symbol \eqcirc on input line 126.
LaTeX Font Info:    Redeclaring math symbol \triangleq on input line 127.
LaTeX Font Info:    Redeclaring math symbol \neg on input line 134.
LaTeX Font Info:    Redeclaring math symbol \ll on input line 136.
LaTeX Font Info:    Redeclaring math symbol \gg on input line 137.
LaTeX Font Info:    Redeclaring math symbol \vdash on input line 139.
LaTeX Font Info:    Redeclaring math symbol \dashv on input line 140.
LaTeX Font Info:    Redeclaring math symbol \nvdash on input line 141.
LaTeX Font Info:    Redeclaring math symbol \vDash on input line 143.
LaTeX Font Info:    Redeclaring math symbol \nvDash on input line 145.
LaTeX Font Info:    Redeclaring math symbol \Vdash on input line 147.
LaTeX Font Info:    Redeclaring math symbol \nVdash on input line 149.
LaTeX Font Info:    Redeclaring math symbol \flat on input line 158.
LaTeX Font Info:    Redeclaring math symbol \natural on input line 159.
LaTeX Font Info:    Redeclaring math symbol \sharp on input line 160.
LaTeX Font Info:    Redeclaring math symbol \infty on input line 161.
LaTeX Font Info:    Redeclaring math symbol \propto on input line 162.
LaTeX Font Info:    Redeclaring math symbol \dagger on input line 163.
LaTeX Font Info:    Redeclaring math symbol \ddagger on input line 164.
LaTeX Font Info:    Redeclaring math symbol \between on input line 170.
LaTeX Font Info:    Redeclaring math symbol \smile on input line 171.
LaTeX Font Info:    Redeclaring math symbol \frown on input line 172.
LaTeX Font Info:    Redeclaring math symbol \leftthreetimes on input line 174.
LaTeX Font Info:    Redeclaring math symbol \rightthreetimes on input line 175.
LaTeX Font Info:    Redeclaring math symbol \pitchfork on input line 176.
LaTeX Font Info:    Redeclaring math symbol \VDash on input line 180.
LaTeX Font Info:    Redeclaring math symbol \nVDash on input line 182.
LaTeX Font Info:    Redeclaring math symbol \Vvdash on input line 184.
LaTeX Font Info:    Redeclaring math symbol \therefore on input line 189.
LaTeX Font Info:    Redeclaring math symbol \because on input line 190.
LaTeX Font Info:    Redeclaring math accent \dot on input line 193.
LaTeX Font Info:    Redeclaring math accent \ddot on input line 195.
LaTeX Font Info:    Redeclaring math symbol \measuredangle on input line 202.
LaTeX Font Info:    Redeclaring math symbol \sphericalangle on input line 203.
LaTeX Font Info:    Redeclaring math symbol \setminus on input line 218.
LaTeX Font Info:    Redeclaring math symbol \mid on input line 222.
LaTeX Font Info:    Redeclaring math symbol \forall on input line 279.
LaTeX Font Info:    Redeclaring math symbol \complement on input line 280.
LaTeX Font Info:    Redeclaring math symbol \partial on input line 281.
LaTeX Font Info:    Redeclaring math symbol \exists on input line 284.
LaTeX Font Info:    Redeclaring math symbol \nexists on input line 285.
LaTeX Font Info:    Redeclaring math symbol \Finv on input line 286.
LaTeX Font Info:    Redeclaring math symbol \Game on input line 287.
LaTeX Font Info:    Redeclaring math symbol \emptyset on input line 288.
LaTeX Font Info:    Redeclaring math symbol \top on input line 290.
LaTeX Font Info:    Redeclaring math symbol \bot on input line 291.
LaTeX Font Info:    Redeclaring math symbol \perp on input line 292.
LaTeX Font Info:    Redeclaring math symbol \curlywedge on input line 296.
LaTeX Font Info:    Redeclaring math symbol \curlyvee on input line 297.
LaTeX Font Info:    Redeclaring math symbol \in on input line 299.
LaTeX Font Info:    Redeclaring math symbol \owns on input line 300.
LaTeX Font Info:    Redeclaring math symbol \cap on input line 312.
LaTeX Font Info:    Redeclaring math symbol \cup on input line 313.
LaTeX Font Info:    Redeclaring math symbol \uplus on input line 314.
LaTeX Font Info:    Redeclaring math symbol \sqcap on input line 315.
LaTeX Font Info:    Redeclaring math symbol \sqcup on input line 316.
LaTeX Font Info:    Redeclaring math symbol \wedge on input line 318.
LaTeX Font Info:    Redeclaring math symbol \vee on input line 320.
LaTeX Font Info:    Redeclaring math symbol \barwedge on input line 327.
LaTeX Font Info:    Redeclaring math symbol \veebar on input line 328.
LaTeX Font Info:    Redeclaring math symbol \doublebarwedge on input line 329.
LaTeX Font Info:    Redeclaring math symbol \doublecap on input line 331.
LaTeX Font Info:    Redeclaring math symbol \doublecup on input line 333.
LaTeX Font Info:    Redeclaring math symbol \subset on input line 344.
LaTeX Font Info:    Redeclaring math symbol \supset on input line 345.
LaTeX Font Info:    Redeclaring math symbol \nsubset on input line 346.
LaTeX Font Info:    Redeclaring math symbol \nsupset on input line 347.
LaTeX Font Info:    Redeclaring math symbol \subseteq on input line 348.
LaTeX Font Info:    Redeclaring math symbol \supseteq on input line 349.
LaTeX Font Info:    Redeclaring math symbol \nsubseteq on input line 350.
LaTeX Font Info:    Redeclaring math symbol \nsupseteq on input line 351.
LaTeX Font Info:    Redeclaring math symbol \subsetneq on input line 352.
LaTeX Font Info:    Redeclaring math symbol \supsetneq on input line 353.
LaTeX Font Info:    Redeclaring math symbol \varsubsetneq on input line 354.
LaTeX Font Info:    Redeclaring math symbol \varsupsetneq on input line 355.
LaTeX Font Info:    Redeclaring math symbol \subseteqq on input line 357.
LaTeX Font Info:    Redeclaring math symbol \supseteqq on input line 358.
LaTeX Font Info:    Redeclaring math symbol \nsubseteqq on input line 359.
LaTeX Font Info:    Redeclaring math symbol \nsupseteqq on input line 360.
LaTeX Font Info:    Redeclaring math symbol \subsetneqq on input line 361.
LaTeX Font Info:    Redeclaring math symbol \supsetneqq on input line 362.
LaTeX Font Info:    Redeclaring math symbol \varsubsetneqq on input line 363.
LaTeX Font Info:    Redeclaring math symbol \varsupsetneqq on input line 364.
LaTeX Font Info:    Redeclaring math symbol \Subset on input line 366.
LaTeX Font Info:    Redeclaring math symbol \Supset on input line 367.
LaTeX Font Info:    Redeclaring math symbol \nSubset on input line 368.
LaTeX Font Info:    Redeclaring math symbol \nSupset on input line 369.
LaTeX Font Info:    Redeclaring math symbol \nsqsubset on input line 378.
LaTeX Font Info:    Redeclaring math symbol \nsqsupset on input line 379.
LaTeX Font Info:    Redeclaring math symbol \sqsubseteq on input line 380.
LaTeX Font Info:    Redeclaring math symbol \sqsupseteq on input line 381.
LaTeX Font Info:    Redeclaring math symbol \nsqsubseteq on input line 382.
LaTeX Font Info:    Redeclaring math symbol \nsqsupseteq on input line 383.
LaTeX Font Info:    Redeclaring math symbol \triangleleft on input line 407.
LaTeX Font Info:    Redeclaring math symbol \vartriangleleft on input line 408.
LaTeX Font Info:    Redeclaring math symbol \triangleright on input line 409.
LaTeX Font Info:    Redeclaring math symbol \vartriangleright on input line 410.
LaTeX Font Info:    Redeclaring math symbol \ntriangleleft on input line 411.
LaTeX Font Info:    Redeclaring math symbol \ntriangleright on input line 412.
LaTeX Font Info:    Redeclaring math symbol \trianglelefteq on input line 413.
LaTeX Font Info:    Redeclaring math symbol \trianglerighteq on input line 414.
LaTeX Font Info:    Redeclaring math symbol \ntrianglelefteq on input line 415.
LaTeX Font Info:    Redeclaring math symbol \ntrianglerighteq on input line 416.
LaTeX Font Info:    Redeclaring math symbol \blacktriangledown on input line 427.
LaTeX Font Info:    Redeclaring math symbol \blacktriangleleft on input line 428.
LaTeX Font Info:    Redeclaring math symbol \blacktriangleright on input line 429.
LaTeX Font Info:    Redeclaring math symbol \nless on input line 437.
LaTeX Font Info:    Redeclaring math symbol \ngtr on input line 438.
LaTeX Font Info:    Redeclaring math symbol \leq on input line 439.
LaTeX Font Info:    Redeclaring math symbol \geq on input line 441.
LaTeX Font Info:    Redeclaring math symbol \nleq on input line 443.
LaTeX Font Info:    Redeclaring math symbol \ngeq on input line 445.
LaTeX Font Info:    Redeclaring math symbol \lneq on input line 451.
LaTeX Font Info:    Redeclaring math symbol \gneq on input line 452.
LaTeX Font Info:    Redeclaring math symbol \leqq on input line 453.
LaTeX Font Info:    Redeclaring math symbol \geqq on input line 454.
LaTeX Font Info:    Redeclaring math symbol \nleqq on input line 455.
LaTeX Font Info:    Redeclaring math symbol \ngeqq on input line 456.
LaTeX Font Info:    Redeclaring math symbol \lneqq on input line 457.
LaTeX Font Info:    Redeclaring math symbol \gneqq on input line 458.
LaTeX Font Info:    Redeclaring math symbol \lvertneqq on input line 459.
LaTeX Font Info:    Redeclaring math symbol \gvertneqq on input line 460.
LaTeX Font Info:    Redeclaring math symbol \eqslantless on input line 461.
LaTeX Font Info:    Redeclaring math symbol \eqslantgtr on input line 462.
LaTeX Font Info:    Redeclaring math symbol \lessgtr on input line 465.
LaTeX Font Info:    Redeclaring math symbol \gtrless on input line 466.
LaTeX Font Info:    Redeclaring math symbol \lesseqgtr on input line 467.
LaTeX Font Info:    Redeclaring math symbol \gtreqless on input line 468.
LaTeX Font Info:    Redeclaring math symbol \lesseqqgtr on input line 469.
LaTeX Font Info:    Redeclaring math symbol \gtreqqless on input line 470.
LaTeX Font Info:    Redeclaring math symbol \lesssim on input line 472.
LaTeX Font Info:    Redeclaring math symbol \gtrsim on input line 473.
LaTeX Font Info:    Redeclaring math symbol \nlesssim on input line 474.
LaTeX Font Info:    Redeclaring math symbol \ngtrsim on input line 475.
LaTeX Font Info:    Redeclaring math symbol \lnsim on input line 476.
LaTeX Font Info:    Redeclaring math symbol \gnsim on input line 477.
LaTeX Font Info:    Redeclaring math symbol \lessapprox on input line 478.
LaTeX Font Info:    Redeclaring math symbol \gtrapprox on input line 479.
LaTeX Font Info:    Redeclaring math symbol \nlessapprox on input line 480.
LaTeX Font Info:    Redeclaring math symbol \ngtrapprox on input line 481.
LaTeX Font Info:    Redeclaring math symbol \lnapprox on input line 482.
LaTeX Font Info:    Redeclaring math symbol \gnapprox on input line 483.
LaTeX Font Info:    Redeclaring math symbol \lessdot on input line 485.
LaTeX Font Info:    Redeclaring math symbol \gtrdot on input line 486.
LaTeX Font Info:    Redeclaring math symbol \lll on input line 488.
LaTeX Font Info:    Redeclaring math symbol \ggg on input line 489.
LaTeX Font Info:    Redeclaring math symbol \prec on input line 498.
LaTeX Font Info:    Redeclaring math symbol \succ on input line 499.
LaTeX Font Info:    Redeclaring math symbol \nprec on input line 500.
LaTeX Font Info:    Redeclaring math symbol \nsucc on input line 501.
LaTeX Font Info:    Redeclaring math symbol \preccurlyeq on input line 502.
LaTeX Font Info:    Redeclaring math symbol \succcurlyeq on input line 503.
LaTeX Font Info:    Redeclaring math symbol \npreccurlyeq on input line 504.
LaTeX Font Info:    Redeclaring math symbol \nsucccurlyeq on input line 505.
LaTeX Font Info:    Redeclaring math symbol \preceq on input line 506.
LaTeX Font Info:    Redeclaring math symbol \succeq on input line 507.
LaTeX Font Info:    Redeclaring math symbol \npreceq on input line 508.
LaTeX Font Info:    Redeclaring math symbol \nsucceq on input line 509.
LaTeX Font Info:    Redeclaring math symbol \curlyeqprec on input line 512.
LaTeX Font Info:    Redeclaring math symbol \curlyeqsucc on input line 513.
LaTeX Font Info:    Redeclaring math symbol \precsim on input line 517.
LaTeX Font Info:    Redeclaring math symbol \succsim on input line 518.
LaTeX Font Info:    Redeclaring math symbol \nprecsim on input line 519.
LaTeX Font Info:    Redeclaring math symbol \nsuccsim on input line 520.
LaTeX Font Info:    Redeclaring math symbol \precnsim on input line 521.
LaTeX Font Info:    Redeclaring math symbol \succnsim on input line 522.
LaTeX Font Info:    Redeclaring math symbol \precapprox on input line 523.
LaTeX Font Info:    Redeclaring math symbol \succapprox on input line 524.
LaTeX Font Info:    Redeclaring math symbol \nprecapprox on input line 525.
LaTeX Font Info:    Redeclaring math symbol \nsuccapprox on input line 526.
LaTeX Font Info:    Redeclaring math symbol \precnapprox on input line 527.
LaTeX Font Info:    Redeclaring math symbol \succnapprox on input line 528.
LaTeX Font Info:    Redeclaring math symbol \leftarrow on input line 540.
LaTeX Font Info:    Redeclaring math symbol \rightarrow on input line 542.
LaTeX Font Info:    Redeclaring math symbol \nwarrow on input line 546.
LaTeX Font Info:    Redeclaring math symbol \nearrow on input line 547.
LaTeX Font Info:    Redeclaring math symbol \swarrow on input line 548.
LaTeX Font Info:    Redeclaring math symbol \searrow on input line 549.
LaTeX Font Info:    Redeclaring math symbol \leftrightarrow on input line 550.
LaTeX Font Info:    Redeclaring math symbol \nleftarrow on input line 552.
LaTeX Font Info:    Redeclaring math symbol \nrightarrow on input line 553.
LaTeX Font Info:    Redeclaring math symbol \nleftrightarrow on input line 554.
LaTeX Font Info:    Redeclaring math symbol \mapstochar on input line 557.
LaTeX Font Info:    Redeclaring math symbol \leftharpoonup on input line 560.
LaTeX Font Info:    Redeclaring math symbol \rightharpoonup on input line 561.
LaTeX Font Info:    Redeclaring math symbol \leftharpoondown on input line 562.
LaTeX Font Info:    Redeclaring math symbol \rightharpoondown on input line 563.
LaTeX Font Info:    Redeclaring math symbol \upharpoonleft on input line 564.
LaTeX Font Info:    Redeclaring math symbol \downharpoonleft on input line 565.
LaTeX Font Info:    Redeclaring math symbol \upharpoonright on input line 566.
LaTeX Font Info:    Redeclaring math symbol \restriction on input line 567.
LaTeX Font Info:    Redeclaring math symbol \downharpoonright on input line 568.
LaTeX Font Info:    Redeclaring math symbol \leftrightharpoons on input line 569.
LaTeX Font Info:    Redeclaring math symbol \Leftarrow on input line 575.
LaTeX Font Info:    Redeclaring math symbol \Rightarrow on input line 576.
LaTeX Font Info:    Redeclaring math symbol \Leftrightarrow on input line 579.
LaTeX Font Info:    Redeclaring math symbol \nLeftarrow on input line 581.
LaTeX Font Info:    Redeclaring math symbol \nRightarrow on input line 582.
LaTeX Font Info:    Redeclaring math symbol \nLeftrightarrow on input line 583.
LaTeX Font Info:    Redeclaring math symbol \Mapstochar on input line 586.
LaTeX Font Info:    Redeclaring math symbol \leftleftarrows on input line 593.
LaTeX Font Info:    Redeclaring math symbol \rightrightarrows on input line 594.
LaTeX Font Info:    Redeclaring math symbol \upuparrows on input line 595.
LaTeX Font Info:    Redeclaring math symbol \downdownarrows on input line 596.
LaTeX Font Info:    Redeclaring math symbol \leftrightarrows on input line 597.
LaTeX Font Info:    Redeclaring math symbol \rightleftarrows on input line 598.
LaTeX Font Info:    Redeclaring math symbol \rhook on input line 612.
LaTeX Font Info:    Redeclaring math symbol \lhook on input line 613.
LaTeX Font Info:    Redeclaring math symbol \diagup on input line 614.
LaTeX Font Info:    Redeclaring math symbol \diagdown on input line 615.
LaTeX Font Info:    Redeclaring math symbol \Lsh on input line 617.
LaTeX Font Info:    Redeclaring math symbol \Rsh on input line 619.
LaTeX Font Info:    Redeclaring math symbol \looparrowleft on input line 624.
LaTeX Font Info:    Redeclaring math symbol \looparrowright on input line 626.
LaTeX Font Info:    Redeclaring math symbol \curvearrowleft on input line 631.
LaTeX Font Info:    Redeclaring math symbol \curvearrowright on input line 633.
LaTeX Font Info:    Redeclaring math symbol \circlearrowleft on input line 641.
LaTeX Font Info:    Redeclaring math symbol \circlearrowright on input line 642.
LaTeX Font Info:    Redeclaring math symbol \leftsquigarrow on input line 644.
LaTeX Font Info:    Redeclaring math symbol \rightsquigarrow on input line 645.
LaTeX Font Info:    Redeclaring math symbol \leftrightsquigarrow on input line 646.
LaTeX Font Info:    Redeclaring math symbol \oplus on input line 658.
LaTeX Font Info:    Redeclaring math symbol \ominus on input line 659.
LaTeX Font Info:    Redeclaring math symbol \otimes on input line 661.
LaTeX Font Info:    Redeclaring math symbol \odot on input line 663.
LaTeX Font Info:    Redeclaring math symbol \oslash on input line 675.
LaTeX Font Info:    Redeclaring math symbol \boxplus on input line 683.
LaTeX Font Info:    Redeclaring math symbol \boxminus on input line 684.
LaTeX Font Info:    Redeclaring math symbol \boxtimes on input line 686.
LaTeX Font Info:    Redeclaring math symbol \boxdot on input line 688.
LaTeX Font Info:    Redeclaring math symbol \boxleft on input line 694.
LaTeX Font Info:    Redeclaring math symbol \boxright on input line 695.
LaTeX Font Info:    Redeclaring math symbol \boxslash on input line 702.
\mayacnter=\count353
\mayacnta=\count354
\mayacntb=\count355
\mayacntc=\count356
\mayawidth=\dimen327
LaTeX Font Info:    Redeclaring math symbol \intop on input line 753.
LaTeX Font Info:    Redeclaring math symbol \iintop on input line 754.
LaTeX Font Info:    Redeclaring math symbol \iiintop on input line 757.
LaTeX Font Info:    Redeclaring math symbol \ointop on input line 760.
LaTeX Font Info:    Redeclaring math symbol \oiintop on input line 762.
LaTeX Font Info:    Redeclaring math delimiter \lbrace on input line 842.
LaTeX Info: Redefining \{ on input line 846.
LaTeX Font Info:    Redeclaring math delimiter \rbrace on input line 848.
LaTeX Info: Redefining \} on input line 852.
LaTeX Font Info:    Redeclaring math delimiter \langle on input line 858.
LaTeX Font Info:    Redeclaring math delimiter \rangle on input line 859.
LaTeX Font Info:    Redeclaring math delimiter \vert on input line 863.
LaTeX Font Info:    Redeclaring math delimiter \Vert on input line 865.
LaTeX Font Info:    Redeclaring math delimiter \uparrow on input line 868.
LaTeX Font Info:    Redeclaring math delimiter \downarrow on input line 869.
LaTeX Font Info:    Redeclaring math delimiter \updownarrow on input line 870.
LaTeX Font Info:    Redeclaring math delimiter \Uparrow on input line 871.
LaTeX Font Info:    Redeclaring math delimiter \Downarrow on input line 872.
LaTeX Font Info:    Redeclaring math delimiter \Updownarrow on input line 873.
LaTeX Font Info:    Redeclaring math delimiter \lgroup on input line 880.
LaTeX Font Info:    Redeclaring math delimiter \rgroup on input line 881.
LaTeX Font Info:    Redeclaring math delimiter \lceil on input line 882.
LaTeX Font Info:    Redeclaring math delimiter \rceil on input line 883.
LaTeX Font Info:    Redeclaring math delimiter \lfloor on input line 884.
LaTeX Font Info:    Redeclaring math delimiter \rfloor on input line 885.
LaTeX Font Info:    Redeclaring math symbol \braceld on input line 903.
LaTeX Font Info:    Redeclaring math symbol \bracerd on input line 905.
LaTeX Font Info:    Redeclaring math symbol \bracelu on input line 907.
LaTeX Font Info:    Redeclaring math symbol \braceru on input line 909.
LaTeX Font Info:    Redeclaring math accent \widehat on input line 944.
LaTeX Font Info:    Redeclaring math accent \widetilde on input line 946.
))

Package fontspec Info: 
(fontspec)             Font family 'times.ttf(0)' created for font 'times.ttf'
(fontspec)             with options
(fontspec)             [Mapping=tex-text,Ligatures=TeX,ExternalLocation=fonts/,BoldFont={timesbd.ttf},ItalicFont={timesi.ttf},BoldItalicFont={timesbi.ttf}].
(fontspec)              
(fontspec)              This font family consists of the following NFSS
(fontspec)             series/shapes:
(fontspec)              
(fontspec)             - 'normal' (m/n) with NFSS spec.:
(fontspec)             <->"[fonts/times.ttf]/OT:language=dflt;mapping=tex-text;"
(fontspec)             - 'bold' (b/n) with NFSS spec.:
(fontspec)             <->"[fonts/timesbd.ttf]/OT:language=dflt;mapping=tex-text;"
(fontspec)             - 'italic' (m/it) with NFSS spec.:
(fontspec)             <->"[fonts/timesi.ttf]/OT:language=dflt;mapping=tex-text;"
(fontspec)             - 'bold italic' (b/it) with NFSS spec.:
(fontspec)             <->"[fonts/timesbi.ttf]/OT:language=dflt;mapping=tex-text;"
(fontspec)             - 'bold italic small caps'  (b/scit) with NFSS spec.:
(fontspec)             <->"[fonts/timesbi.ttf]/OT:language=dflt;+smcp;mapping=tex-text;"


Package fontspec Info: 
(fontspec)             Font family 'arial.ttf(0)' created for font 'arial.ttf'
(fontspec)             with options
(fontspec)             [Mapping=tex-text,Ligatures=TeX,ExternalLocation=fonts/,BoldFont={arialbd.ttf},ItalicFont={ariali.ttf}].
(fontspec)              
(fontspec)              This font family consists of the following NFSS
(fontspec)             series/shapes:
(fontspec)              
(fontspec)             - 'normal' (m/n) with NFSS spec.:
(fontspec)             <->"[fonts/arial.ttf]/OT:language=dflt;mapping=tex-text;"
(fontspec)             - 'bold' (b/n) with NFSS spec.:
(fontspec)             <->"[fonts/arialbd.ttf]/OT:language=dflt;mapping=tex-text;"
(fontspec)             - 'italic' (m/it) with NFSS spec.:
(fontspec)             <->"[fonts/ariali.ttf]/OT:language=dflt;mapping=tex-text;"


Package fontspec Info: 
(fontspec)             Font family 'cour.ttf(0)' created for font 'cour.ttf'
(fontspec)             with options
(fontspec)             [Mapping=tex-text,WordSpace={1,0,0},HyphenChar=None,PunctuationSpace=WordSpace,ExternalLocation=fonts/,BoldFont={courbd.ttf},ItalicFont={couri.ttf}].
(fontspec)              
(fontspec)              This font family consists of the following NFSS
(fontspec)             series/shapes:
(fontspec)              
(fontspec)             - 'normal' (m/n) with NFSS spec.:
(fontspec)             <->"[fonts/cour.ttf]/OT:language=dflt;mapping=tex-text;"
(fontspec)             - 'bold' (b/n) with NFSS spec.:
(fontspec)             <->"[fonts/courbd.ttf]/OT:language=dflt;mapping=tex-text;"
(fontspec)             - 'italic' (m/it) with NFSS spec.:
(fontspec)             <->"[fonts/couri.ttf]/OT:language=dflt;mapping=tex-text;"


Package fontspec Info: 
(fontspec)             Font family 'simsun.ttc(0)' created for font
(fontspec)             'simsun.ttc' with options
(fontspec)             [Mapping=tex-text,Script={CJK},ExternalLocation={fonts/},BoldFont={simhei.ttf},ItalicFont={simkai.ttf}].
(fontspec)              
(fontspec)              This font family consists of the following NFSS
(fontspec)             series/shapes:
(fontspec)              
(fontspec)             - 'normal' (m/n) with NFSS spec.:
(fontspec)             <->"[fonts/simsun.ttc]/OT:script=hani;language=dflt;mapping=tex-text;"
(fontspec)             - 'bold' (b/n) with NFSS spec.:
(fontspec)             <->"[fonts/simhei.ttf]/OT:script=hani;language=dflt;mapping=tex-text;"
(fontspec)             - 'italic' (m/it) with NFSS spec.:
(fontspec)             <->"[fonts/simkai.ttf]/OT:script=hani;language=dflt;mapping=tex-text;"
(fontspec)             - 'bold italic' (b/it) with NFSS spec.:
(fontspec)             <->"[fonts/simsun.ttc]/OT:script=hani;language=dflt;mapping=tex-text;"

\thu@linespace=\skip96
\c@currproofctr=\count357
\c@endproofctr=\count358
\c@proof=\count359
\c@currassumptionctr=\count360
\c@endassumptionctr=\count361
\c@assumption=\count362
\c@currdefinitionctr=\count363
\c@enddefinitionctr=\count364
\c@definition=\count365
\c@currlemmactr=\count366
\c@endlemmactr=\count367
\c@lemma=\count368
\c@currtheoremctr=\count369
\c@endtheoremctr=\count370
\c@theorem=\count371
\c@curraxiomctr=\count372
\c@endaxiomctr=\count373
\c@axiom=\count374
\c@currcorollaryctr=\count375
\c@endcorollaryctr=\count376
\c@corollary=\count377
\c@currconjecturectr=\count378
\c@endconjecturectr=\count379
\c@conjecture=\count380
\c@currpropositionctr=\count381
\c@endpropositionctr=\count382
\c@proposition=\count383
\c@currexercisectr=\count384
\c@endexercisectr=\count385
\c@exercise=\count386
\c@currexamplectr=\count387
\c@endexamplectr=\count388
\c@example=\count389
\c@currproblemctr=\count390
\c@endproblemctr=\count391
\c@problem=\count392
\c@currremarkctr=\count393
\c@endremarkctr=\count394
\c@remark=\count395
\myheight=\skip97
 (/usr/local/texlive/2025/texmf-dist/tex/latex/enumitem/enumitem.sty
Package: enumitem 2025/02/06 v3.11 Customized lists
\labelindent=\skip98
\enit@outerparindent=\dimen328
\enit@toks=\toks53
\enit@inbox=\box76
\enit@count@id=\count396
\enitdp@description=\count397
)) (./myscnu.sty
Package: myscnu 
 (/usr/local/texlive/2025/texmf-dist/tex/latex/cases/cases.sty
Package: cases 2020/03/29 ver 3.2
\numc@numwid=\dimen329
) (/usr/local/texlive/2025/texmf-dist/tex/latex/listings/listings.sty
\lst@mode=\count398
\lst@gtempboxa=\box77
\lst@token=\toks54
\lst@length=\count399
\lst@currlwidth=\dimen330
\lst@column=\count400
\lst@pos=\count401
\lst@lostspace=\dimen331
\lst@width=\dimen332
\lst@newlines=\count402
\lst@lineno=\count403
\lst@maxwidth=\dimen333
 (/usr/local/texlive/2025/texmf-dist/tex/latex/listings/lstpatch.sty
File: lstpatch.sty 2024/09/23 1.10c (Carsten Heinz)
) (/usr/local/texlive/2025/texmf-dist/tex/latex/listings/lstmisc.sty
File: lstmisc.sty 2024/09/23 1.10c (Carsten Heinz)
\c@lstnumber=\count404
\lst@skipnumbers=\count405
\lst@framebox=\box78
) (/usr/local/texlive/2025/texmf-dist/tex/latex/listings/listings.cfg
File: listings.cfg 2024/09/23 1.10c listings configuration
))
Package: listings 2024/09/23 1.10c (Carsten Heinz)
 (/usr/local/texlive/2025/texmf-dist/tex/xelatex/xecjk/xeCJK-listings.sty
Package: xeCJK-listings 2022/08/05 v3.9.1 xeCJK patch file for listings
\l__xeCJK_listings_max_char_int=\count406
\l__xeCJK_listings_flag_int=\count407
) (/usr/local/texlive/2025/texmf-dist/tex/latex/fancyvrb/fancyvrb.sty
Package: fancyvrb 2024/01/20 4.5c verbatim text (tvz,hv)
\FV@CodeLineNo=\count408
\FV@InFile=\read2
\FV@TabBox=\box79
\c@FancyVerbLine=\count409
\FV@StepNumber=\count410
\FV@OutFile=\write3
) (/usr/local/texlive/2025/texmf-dist/tex/latex/algorithms/algorithm.sty
Invalid UTF-8 byte or sequence at line 11 replaced by U+FFFD.
Package: algorithm 2009/08/24 v0.1 Document Style `algorithm' - floating environment
\@float@every@algorithm=\toks55
\c@algorithm=\count411
) (/usr/local/texlive/2025/texmf-dist/tex/latex/algorithms/algorithmic.sty
Invalid UTF-8 byte or sequence at line 11 replaced by U+FFFD.
Package: algorithmic 2009/08/24 v0.1 Document Style `algorithmic'
\c@ALC@unique=\count412
\c@ALC@line=\count413
\c@ALC@rem=\count414
\c@ALC@depth=\count415
\ALC@tlm=\skip99
\algorithmicindent=\skip100
)) (/usr/local/texlive/2025/texmf-dist/tex/latex/cjk/texinput/CJKnumb.sty
Package: CJKnumb 2021/10/16 4.8.5
\CJK@q=\count416
\CJK@r=\count417
) (./thesis.aux)
\openout1 = `thesis.aux'.

LaTeX Font Info:    Checking defaults for OML/txmi/m/it on input line 20.
LaTeX Font Info:    Trying to load font information for OML+txmi on input line 20.
 (/usr/local/texlive/2025/texmf-dist/tex/latex/txfonts/omltxmi.fd
File: omltxmi.fd 2000/12/15 v3.1
)
LaTeX Font Info:    ... okay on input line 20.
LaTeX Font Info:    Checking defaults for OMS/txsy/m/n on input line 20.
LaTeX Font Info:    Trying to load font information for OMS+txsy on input line 20.
 (/usr/local/texlive/2025/texmf-dist/tex/latex/txfonts/omstxsy.fd
File: omstxsy.fd 2000/12/15 v3.1
)
LaTeX Font Info:    ... okay on input line 20.
LaTeX Font Info:    Checking defaults for OT1/cmr/m/n on input line 20.
LaTeX Font Info:    ... okay on input line 20.
LaTeX Font Info:    Checking defaults for T1/cmr/m/n on input line 20.
LaTeX Font Info:    ... okay on input line 20.
LaTeX Font Info:    Checking defaults for TS1/cmr/m/n on input line 20.
LaTeX Font Info:    ... okay on input line 20.
LaTeX Font Info:    Checking defaults for TU/lmr/m/n on input line 20.
LaTeX Font Info:    ... okay on input line 20.
LaTeX Font Info:    Checking defaults for OMX/txex/m/n on input line 20.
LaTeX Font Info:    Trying to load font information for OMX+txex on input line 20.
 (/usr/local/texlive/2025/texmf-dist/tex/latex/txfonts/omxtxex.fd
File: omxtxex.fd 2000/12/15 v3.1
)
LaTeX Font Info:    ... okay on input line 20.
LaTeX Font Info:    Checking defaults for U/mathx/m/n on input line 20.
LaTeX Font Info:    ... okay on input line 20.
LaTeX Font Info:    Checking defaults for PD1/pdf/m/n on input line 20.
LaTeX Font Info:    ... okay on input line 20.
LaTeX Font Info:    Checking defaults for PU/pdf/m/n on input line 20.
LaTeX Font Info:    ... okay on input line 20.

*geometry* driver: auto-detecting
*geometry* detected driver: xetex
*geometry* verbose mode - [ preamble ] result:
* driver: xetex
* paper: <default>
* layout: <same size as paper>
* layoutoffset:(h,v)=(0.0pt,0.0pt)
* modes: includehead includefoot twoside 
* h-part:(L,W,R)=(71.13188pt, 455.24411pt, 71.13188pt)
* v-part:(T,H,B)=(42.67912pt, 759.6886pt, 42.67912pt)
* \paperwidth=597.50787pt
* \paperheight=845.04684pt
* \textwidth=455.24411pt
* \textheight=702.78313pt
* \oddsidemargin=-1.1381pt
* \evensidemargin=-1.1381pt
* \topmargin=-29.59087pt
* \headheight=25.60747pt
* \headsep=2.84526pt
* \topskip=0.0pt
* \footskip=28.45274pt
* \marginparwidth=88.0pt
* \marginparsep=7.0pt
* \columnsep=10.0pt
* \skip\footins=10.8pt plus 4.0pt minus 2.0pt
* \hoffset=0.0pt
* \voffset=0.0pt
* \mag=1000
* \@twocolumnfalse
* \@twosidetrue
* \@mparswitchtrue
* \@reversemarginfalse
* (1in=72.27pt=25.4mm, 1cm=28.453pt)

Package caption Info: Begin \AtBeginDocument code.
Package caption Info: subfig package v1.3 is loaded.
Package caption Info: float package is loaded.
Package caption Info: hyperref package is loaded.
Package caption Info: listings package is loaded.
Package caption Info: longtable package is loaded.
(/usr/local/texlive/2025/texmf-dist/tex/latex/caption/ltcaption.sty
Package: ltcaption 2021/01/08 v1.4c longtable captions (AR)
)
Package caption Info: End \AtBeginDocument code.
LaTeX Info: Command `\dddot' is already robust on input line 20.
LaTeX Info: Command `\ddddot' is already robust on input line 20.
Package hyperref Info: Link coloring OFF on input line 20.
 (./thesis.out) (./thesis.out)
\@outlinefile=\write4
\openout4 = `thesis.out'.

\c@lstlisting=\count418
 (./data/info.tex)

Package fontspec Info: 
(fontspec)             Font family 'simsun.ttc(1)' created for font
(fontspec)             'simsun.ttc' with options
(fontspec)             [Mapping=tex-text,Script={CJK},ExternalLocation={fonts/},AutoFakeBold={4},AutoFakeSlant={0.167}].
(fontspec)              
(fontspec)              This font family consists of the following NFSS
(fontspec)             series/shapes:
(fontspec)              
(fontspec)             - 'normal' (m/n) with NFSS spec.:
(fontspec)             <->"[fonts/simsun.ttc]/OT:script=hani;language=dflt;mapping=tex-text;"
(fontspec)             - 'bold' (b/n) with NFSS spec.:
(fontspec)             <->"[fonts/simsun.ttc]/OT:script=hani;language=dflt;embolden=4;mapping=tex-text;"
(fontspec)             - 'italic' (m/it) with NFSS spec.:
(fontspec)             <->"[fonts/simsun.ttc]/OT:script=hani;language=dflt;slant=0.167;mapping=tex-text;"
(fontspec)             - 'bold italic' (b/it) with NFSS spec.:
(fontspec)             <->"[fonts/simsun.ttc]/OT:script=hani;language=dflt;embolden=4;slant=0.167;mapping=tex-text;"

LaTeX Font Info:    Calculating math sizes for size <14.05249> on input line 26.
LaTeX Font Info:    Trying to load font information for OT1+txr on input line 26.
 (/usr/local/texlive/2025/texmf-dist/tex/latex/txfonts/ot1txr.fd
File: ot1txr.fd 2000/12/15 v3.1
)
LaTeX Font Info:    Trying to load font information for U+txsya on input line 26.
 (/usr/local/texlive/2025/texmf-dist/tex/latex/txfonts/utxsya.fd
File: utxsya.fd 2000/12/15 v3.1
)
LaTeX Font Info:    Trying to load font information for U+txsyb on input line 26.
 (/usr/local/texlive/2025/texmf-dist/tex/latex/txfonts/utxsyb.fd
File: utxsyb.fd 2000/12/15 v3.1
)
LaTeX Font Info:    Trying to load font information for OT1+lmr on input line 26.
 (/usr/local/texlive/2025/texmf-dist/tex/latex/lm/ot1lmr.fd
File: ot1lmr.fd 2015/05/01 v1.6.1 Font defs for Latin Modern
)
LaTeX Font Info:    Trying to load font information for OML+lmm on input line 26.
 (/usr/local/texlive/2025/texmf-dist/tex/latex/lm/omllmm.fd
File: omllmm.fd 2015/05/01 v1.6.1 Font defs for Latin Modern
)
LaTeX Font Info:    Trying to load font information for OMS+lmsy on input line 26.
 (/usr/local/texlive/2025/texmf-dist/tex/latex/lm/omslmsy.fd
File: omslmsy.fd 2015/05/01 v1.6.1 Font defs for Latin Modern
)
LaTeX Font Info:    Trying to load font information for U+txmia on input line 26.
 (/usr/local/texlive/2025/texmf-dist/tex/latex/txfonts/utxmia.fd
File: utxmia.fd 2000/12/15 v3.1
)
LaTeX Font Info:    Trying to load font information for U+txsyc on input line 26.
 (/usr/local/texlive/2025/texmf-dist/tex/latex/txfonts/utxsyc.fd
File: utxsyc.fd 2000/12/15 v3.1
)
LaTeX Font Info:    Trying to load font information for U+txexa on input line 26.
 (/usr/local/texlive/2025/texmf-dist/tex/latex/txfonts/utxexa.fd
File: utxexa.fd 2000/12/15 v3.1
)
File: figures/title.pdf Graphic file (type pdf)
<use figures/title.pdf>


[1

]

[2

]

[1

]

[2

] (./data/abstract.tex

Package fontspec Info: 
(fontspec)             Font family 'simhei.ttf(0)' created for font
(fontspec)             'simhei.ttf' with options
(fontspec)             [Mapping=tex-text,Script={CJK},ExternalLocation={fonts/},AutoFakeBold={4},AutoFakeSlant={0.167}].
(fontspec)              
(fontspec)              This font family consists of the following NFSS
(fontspec)             series/shapes:
(fontspec)              
(fontspec)             - 'normal' (m/n) with NFSS spec.:
(fontspec)             <->"[fonts/simhei.ttf]/OT:script=hani;language=dflt;mapping=tex-text;"
(fontspec)             - 'bold' (b/n) with NFSS spec.:
(fontspec)             <->"[fonts/simhei.ttf]/OT:script=hani;language=dflt;embolden=4;mapping=tex-text;"
(fontspec)             - 'italic' (m/it) with NFSS spec.:
(fontspec)             <->"[fonts/simhei.ttf]/OT:script=hani;language=dflt;slant=0.167;mapping=tex-text;"
(fontspec)             - 'bold italic' (b/it) with NFSS spec.:
(fontspec)             <->"[fonts/simhei.ttf]/OT:script=hani;language=dflt;embolden=4;slant=0.167;mapping=tex-text;"

LaTeX Font Info:    Calculating math sizes for size <12.045> on input line 18.


LaTeX Font Warning: Font shape `U/matha/m/n' in size <8.43146> not available
(Font)              size <8> substituted on input line 18.


LaTeX Font Warning: Font shape `U/mathb/m/n' in size <8.43146> not available
(Font)              size <8> substituted on input line 18.


LaTeX Font Warning: Font shape `U/mathx/m/n' in size <8.43146> not available
(Font)              size <8> substituted on input line 18.



[1



]

[2]

[3]

[4

]
Overfull \hbox (4.61967pt too wide) in paragraph at lines 46--54
[]\TU/times.ttf(0)/m/n/12.045 The data processing process of FRET two-hybrid assay is cumbersome and time-consuming,
 []



[5

]

[6]

[7])

[8] (./thesis.toc

[9

]

[10])
\tf@toc=\write5
\openout5 = `thesis.toc'.



[11]

[12

] (./data/chap01.tex
File: figures/../figures/1/1_FRET.png Graphic file (type bmp)
<figures/../figures/1/1_FRET.png>



Underfull \hbox (badness 10000) has occurred while \output is active
[]
 []


Overfull \vbox (0.65373pt too high) has occurred while \output is active []

 [1



]


Underfull \hbox (badness 10000) has occurred while \output is active
[]
 []


Overfull \vbox (0.65373pt too high) has occurred while \output is active []

 [2]


Underfull \hbox (badness 10000) has occurred while \output is active
[]
 []


Overfull \vbox (0.65373pt too high) has occurred while \output is active []

 [3]


Underfull \hbox (badness 10000) has occurred while \output is active
[]
 []


Overfull \vbox (0.65373pt too high) has occurred while \output is active []

 [4]


Underfull \hbox (badness 10000) has occurred while \output is active
[]
 []


Overfull \vbox (0.65373pt too high) has occurred while \output is active []

 [5]


Underfull \hbox (badness 10000) has occurred while \output is active
[]
 []


Overfull \vbox (0.65373pt too high) has occurred while \output is active []

 [6]


Underfull \hbox (badness 10000) has occurred while \output is active
[]
 []


Overfull \vbox (0.65373pt too high) has occurred while \output is active []

 [7]


Underfull \hbox (badness 10000) has occurred while \output is active
[]
 []


Overfull \vbox (0.65373pt too high) has occurred while \output is active []

 [8]


Underfull \hbox (badness 10000) has occurred while \output is active
[]
 []


Overfull \vbox (0.65373pt too high) has occurred while \output is active []

 [9]


Underfull \hbox (badness 10000) has occurred while \output is active
[]
 []


Overfull \vbox (0.65373pt too high) has occurred while \output is active []

 [10]


Underfull \hbox (badness 10000) has occurred while \output is active
[]
 []


Overfull \vbox (0.65373pt too high) has occurred while \output is active []

 [11]) (./data/chap02.tex


Underfull \hbox (badness 10000) has occurred while \output is active
[]
 []


Overfull \vbox (0.65373pt too high) has occurred while \output is active []

 [12]
File: figures/../figures/2/FRETScope.jpg Graphic file (type bmp)
<figures/../figures/2/FRETScope.jpg>
File: figures/../figures/2/FRETScope.drawio.png Graphic file (type bmp)
<figures/../figures/2/FRETScope.drawio.png>



Underfull \hbox (badness 10000) has occurred while \output is active
[]
 []


Overfull \vbox (0.65373pt too high) has occurred while \output is active []

 [13


]
File: figures/../figures/2/.drawio.png Graphic file (type bmp)
<figures/../figures/2/.drawio.png>



Underfull \hbox (badness 10000) has occurred while \output is active
[]
 []


Overfull \vbox (0.65373pt too high) has occurred while \output is active []

 [14]


Underfull \hbox (badness 10000) has occurred while \output is active
[]
 []


Overfull \vbox (0.65373pt too high) has occurred while \output is active []

 [15]


Underfull \hbox (badness 10000) has occurred while \output is active
[]
 []


Overfull \vbox (0.65373pt too high) has occurred while \output is active []

 [16]
File: figures/../figures/2/Fretha-.drawio.png Graphic file (type bmp)
<figures/../figures/2/Fretha-.drawio.png>
File: figures/../figures/2/Fretha-.drawio.png Graphic file (type bmp)
<figures/../figures/2/Fretha-.drawio.png>
File: figures/../figures/2/Fretha-.drawio.png Graphic file (type bmp)
<figures/../figures/2/Fretha-.drawio.png>
File: figures/../figures/2/Fretha-.drawio.png Graphic file (type bmp)
<figures/../figures/2/Fretha-.drawio.png>



Underfull \hbox (badness 10000) has occurred while \output is active
[]
 []


Overfull \vbox (0.65373pt too high) has occurred while \output is active []

 [17]
File: figures/../figures/2/Fretha.drawio.png Graphic file (type bmp)
<figures/../figures/2/Fretha.drawio.png>



Underfull \hbox (badness 10000) has occurred while \output is active
[]
 []


Overfull \vbox (0.65373pt too high) has occurred while \output is active []

 [18]


Underfull \hbox (badness 10000) has occurred while \output is active
[]
 []


Overfull \vbox (0.65373pt too high) has occurred while \output is active []

 [19]
File: figures/../figures/2/Fretha.drawio.png Graphic file (type bmp)
<figures/../figures/2/Fretha.drawio.png>



Underfull \hbox (badness 10000) has occurred while \output is active
[]
 []


Overfull \vbox (0.65373pt too high) has occurred while \output is active []

 [20]


Underfull \hbox (badness 10000) has occurred while \output is active
[]
 []


Overfull \vbox (0.65373pt too high) has occurred while \output is active []

 [21]
File: figures/../figures/2/FRET.drawio.png Graphic file (type bmp)
<figures/../figures/2/FRET.drawio.png>



Underfull \hbox (badness 10000) has occurred while \output is active
[]
 []


Overfull \vbox (0.65373pt too high) has occurred while \output is active []

 [22]
LaTeX Font Info:    Calculating math sizes for size <10.53937> on input line 213.


LaTeX Font Warning: Font shape `U/matha/m/n' in size <10.53937> not available
(Font)              size <10.95> substituted on input line 213.


LaTeX Font Warning: Font shape `U/mathb/m/n' in size <10.53937> not available
(Font)              size <10.95> substituted on input line 213.


LaTeX Font Warning: Font shape `U/mathx/m/n' in size <10.53937> not available
(Font)              size <10.95> substituted on input line 213.


Overfull \hbox (35.99998pt too wide) in alignment at lines 213--295
[][][] 
 []




Underfull \hbox (badness 10000) has occurred while \output is active
[]
 []


Overfull \vbox (0.65373pt too high) has occurred while \output is active []

 [23]


Underfull \hbox (badness 10000) has occurred while \output is active
[]
 []


Overfull \vbox (0.65373pt too high) has occurred while \output is active []

 [24] (/usr/local/texlive/2025/texmf-dist/tex/latex/listings/lstlang1.sty
File: lstlang1.sty 2024/09/23 1.10c listings language file
) (/usr/local/texlive/2025/texmf-dist/tex/latex/listings/lstlang1.sty
File: lstlang1.sty 2024/09/23 1.10c listings language file
) (/usr/local/texlive/2025/texmf-dist/tex/latex/listings/lstmisc.sty
File: lstmisc.sty 2024/09/23 1.10c (Carsten Heinz)
)


Underfull \hbox (badness 10000) has occurred while \output is active
[]
 []


Overfull \vbox (0.65373pt too high) has occurred while \output is active []

 [25]
Package hyperref Info: bookmark level for unknown lstlisting defaults to 0 on input line 332.

Package fontspec Info: 
(fontspec)             Font family 'simkai.ttf(0)' created for font
(fontspec)             'simkai.ttf' with options
(fontspec)             [Mapping=tex-text,Script={CJK},ExternalLocation={fonts/},AutoFakeBold={4},AutoFakeSlant={0.167}].
(fontspec)              
(fontspec)              This font family consists of the following NFSS
(fontspec)             series/shapes:
(fontspec)              
(fontspec)             - 'normal' (m/n) with NFSS spec.:
(fontspec)             <->"[fonts/simkai.ttf]/OT:script=hani;language=dflt;mapping=tex-text;"
(fontspec)             - 'bold' (b/n) with NFSS spec.:
(fontspec)             <->"[fonts/simkai.ttf]/OT:script=hani;language=dflt;embolden=4;mapping=tex-text;"
(fontspec)             - 'italic' (m/it) with NFSS spec.:
(fontspec)             <->"[fonts/simkai.ttf]/OT:script=hani;language=dflt;slant=0.167;mapping=tex-text;"
(fontspec)             - 'bold italic' (b/it) with NFSS spec.:
(fontspec)             <->"[fonts/simkai.ttf]/OT:script=hani;language=dflt;embolden=4;slant=0.167;mapping=tex-text;"




Underfull \hbox (badness 10000) has occurred while \output is active
[]
 []


Overfull \vbox (0.65373pt too high) has occurred while \output is active []

 [26]
Underfull \hbox (badness 10000) in alignment at lines 398--413
[][][][] 
 []

File: figures/../figures/2/Fretha-.drawio.png Graphic file (type bmp)
<figures/../figures/2/Fretha-.drawio.png>



Underfull \hbox (badness 10000) has occurred while \output is active
[]
 []


Overfull \vbox (0.65373pt too high) has occurred while \output is active []

 [27]


Underfull \hbox (badness 10000) has occurred while \output is active
[]
 []


Overfull \vbox (0.65373pt too high) has occurred while \output is active []

 [28]
File: figures/../figures/2/Fretha-.drawio.png Graphic file (type bmp)
<figures/../figures/2/Fretha-.drawio.png>



Underfull \hbox (badness 10000) has occurred while \output is active
[]
 []


Overfull \vbox (0.65373pt too high) has occurred while \output is active []

 [29]
File: figures/../figures/2/Fretha.drawio.png Graphic file (type bmp)
<figures/../figures/2/Fretha.drawio.png>



Underfull \hbox (badness 10000) has occurred while \output is active
[]
 []


Overfull \vbox (0.65373pt too high) has occurred while \output is active []

 [30]


Underfull \hbox (badness 10000) has occurred while \output is active
[]
 []


Overfull \vbox (0.65373pt too high) has occurred while \output is active []

 [31]


Underfull \hbox (badness 10000) has occurred while \output is active
[]
 []


Overfull \vbox (0.65373pt too high) has occurred while \output is active []

 [32]


Underfull \hbox (badness 10000) has occurred while \output is active
[]
 []


Overfull \vbox (0.65373pt too high) has occurred while \output is active []

 [33]


Underfull \hbox (badness 10000) has occurred while \output is active
[]
 []


Overfull \vbox (0.65373pt too high) has occurred while \output is active []

 [34]
File: figures/../figures/2/DC-FRET.drawio.png Graphic file (type bmp)
<figures/../figures/2/DC-FRET.drawio.png>



Underfull \hbox (badness 10000) has occurred while \output is active
[]
 []


Overfull \vbox (0.65373pt too high) has occurred while \output is active []

 [35]) (./data/chap03.tex


Underfull \hbox (badness 10000) has occurred while \output is active
[]
 []


Overfull \vbox (0.65373pt too high) has occurred while \output is active []

 [36]


Underfull \hbox (badness 10000) has occurred while \output is active
[]
 []


Overfull \vbox (0.65373pt too high) has occurred while \output is active []

 [37]

[38

]


Underfull \hbox (badness 10000) has occurred while \output is active
[]
 []


Overfull \vbox (0.65373pt too high) has occurred while \output is active []

 [39


]


Underfull \hbox (badness 10000) has occurred while \output is active
[]
 []


Overfull \vbox (0.65373pt too high) has occurred while \output is active []

 [40]

Package hyperref Warning: Token not allowed in a PDF string (Unicode):
(hyperref)                removing `superscript' on input line 62.

File: figures/../figures/3/-.drawio.png Graphic file (type bmp)
<figures/../figures/3/-.drawio.png>



Underfull \hbox (badness 10000) has occurred while \output is active
[]
 []


Overfull \vbox (0.65373pt too high) has occurred while \output is active []

 [41]


Underfull \hbox (badness 10000) has occurred while \output is active
[]
 []


Overfull \vbox (0.65373pt too high) has occurred while \output is active []

 [42]
Overfull \hbox (0.92778pt too wide) in paragraph at lines 135--135
 []|$\OML/txmi/m/it/10.53937 E[]$| 
 []


Overfull \hbox (0.92778pt too wide) in paragraph at lines 135--135
 []|$\OML/txmi/m/it/10.53937 E[]$| 
 []


Overfull \hbox (0.92778pt too wide) in paragraph at lines 135--135
 []|$\OML/txmi/m/it/10.53937 E[]$| 
 []




Underfull \hbox (badness 10000) has occurred while \output is active
[]
 []


Overfull \vbox (0.65373pt too high) has occurred while \output is active []

 [43]


Underfull \hbox (badness 10000) has occurred while \output is active
[]
 []


Overfull \vbox (0.65373pt too high) has occurred while \output is active []

 [44]
File: figures/../figures/3/-.drawio.png Graphic file (type bmp)
<figures/../figures/3/-.drawio.png>



Underfull \hbox (badness 10000) has occurred while \output is active
[]
 []


Overfull \vbox (0.65373pt too high) has occurred while \output is active []

 [45]


Underfull \hbox (badness 10000) has occurred while \output is active
[]
 []


Overfull \vbox (0.65373pt too high) has occurred while \output is active []

 [46]


Underfull \hbox (badness 10000) has occurred while \output is active
[]
 []


Overfull \vbox (0.65373pt too high) has occurred while \output is active []

 [47]
File: figures/../figures/3/-.drawio.png Graphic file (type bmp)
<figures/../figures/3/-.drawio.png>



Underfull \hbox (badness 10000) has occurred while \output is active
[]
 []


Overfull \vbox (0.65373pt too high) has occurred while \output is active []

 [48]


Underfull \hbox (badness 10000) has occurred while \output is active
[]
 []


Overfull \vbox (0.65373pt too high) has occurred while \output is active []

 [49]
File: figures/../figures/3/-48.drawio.png Graphic file (type bmp)
<figures/../figures/3/-48.drawio.png>
) (./data/chap04.tex


Underfull \hbox (badness 10000) has occurred while \output is active
[]
 []


Overfull \vbox (0.65373pt too high) has occurred while \output is active []

 [50]


Underfull \hbox (badness 10000) has occurred while \output is active
[]
 []


Overfull \vbox (0.65373pt too high) has occurred while \output is active []

 [51]

[52

]


Underfull \hbox (badness 10000) has occurred while \output is active
[]
 []


Overfull \vbox (0.65373pt too high) has occurred while \output is active []

 [53


]


Underfull \hbox (badness 10000) has occurred while \output is active
[]
 []


Overfull \vbox (0.65373pt too high) has occurred while \output is active []

 [54]


Underfull \hbox (badness 10000) has occurred while \output is active
[]
 []


Overfull \vbox (0.65373pt too high) has occurred while \output is active []

 [55]


Underfull \hbox (badness 10000) has occurred while \output is active
[]
 []


Overfull \vbox (0.65373pt too high) has occurred while \output is active []

 [56]
File: figures/../figures/4/LURS.drawio.png Graphic file (type bmp)
<figures/../figures/4/LURS.drawio.png>



Underfull \hbox (badness 10000) has occurred while \output is active
[]
 []


Overfull \vbox (0.65373pt too high) has occurred while \output is active []

 [57]
File: figures/../figures/4/ROIFretha.drawio.png Graphic file (type bmp)
<figures/../figures/4/ROIFretha.drawio.png>



Underfull \hbox (badness 10000) has occurred while \output is active
[]
 []


Overfull \vbox (0.65373pt too high) has occurred while \output is active []

 [58]

Package hyperref Warning: Token not allowed in a PDF string (Unicode):
(hyperref)                removing `superscript' on input line 165.




Underfull \hbox (badness 10000) has occurred while \output is active
[]
 []


Overfull \vbox (0.65373pt too high) has occurred while \output is active []

 [59]
File: figures/../figures/4/LURS-.drawio.png Graphic file (type bmp)
<figures/../figures/4/LURS-.drawio.png>



Underfull \hbox (badness 10000) has occurred while \output is active
[]
 []


Overfull \vbox (0.65373pt too high) has occurred while \output is active []

 [60]
Overfull \hbox (0.92778pt too wide) in paragraph at lines 236--236
 []|$\OML/txmi/m/it/10.53937 E[]$| 
 []


Overfull \hbox (0.92778pt too wide) in paragraph at lines 236--236
 []|$\OML/txmi/m/it/10.53937 E[]$| 
 []


Overfull \hbox (0.92778pt too wide) in paragraph at lines 236--236
 []|$\OML/txmi/m/it/10.53937 E[]$| 
 []




Underfull \hbox (badness 10000) has occurred while \output is active
[]
 []


Overfull \vbox (0.65373pt too high) has occurred while \output is active []

 [61]
File: figures/../figures/4/.drawio.png Graphic file (type bmp)
<figures/../figures/4/.drawio.png>



Underfull \hbox (badness 10000) has occurred while \output is active
[]
 []


Overfull \vbox (0.65373pt too high) has occurred while \output is active []

 [62]


Underfull \hbox (badness 10000) has occurred while \output is active
[]
 []


Overfull \vbox (0.65373pt too high) has occurred while \output is active []

 [63]) (./data/chap05.tex


Underfull \hbox (badness 10000) has occurred while \output is active
[]
 []


Overfull \vbox (0.65373pt too high) has occurred while \output is active []

 [64]


Underfull \hbox (badness 10000) has occurred while \output is active
[]
 []


Overfull \vbox (0.65373pt too high) has occurred while \output is active []

 [65]

[66

]


Underfull \hbox (badness 10000) has occurred while \output is active
[]
 []


Overfull \vbox (0.65373pt too high) has occurred while \output is active []

 [67


]


Underfull \hbox (badness 10000) has occurred while \output is active
[]
 []


Overfull \vbox (0.65373pt too high) has occurred while \output is active []

 [68])


Underfull \hbox (badness 10000) has occurred while \output is active
[]
 []


Overfull \vbox (0.65373pt too high) has occurred while \output is active []

 [69]

[70

] (./thesis.bbl

[71



]

[72]

[73]

[74]

[75]

[76]

[77])

[78] (./data/ack.tex)

[79


]

[80

] (./data/resume.tex
Overfull \hbox (1.8502pt too wide) in paragraph at lines 20--20
 []|[]| 
 []


Overfull \hbox (1.8502pt too wide) in paragraph at lines 20--20
 []|[]| 
 []

) (./data/statement.tex

[81


]

[82

])
\tf@thm=\write6
\openout6 = `thesis.thm'.



[83

] (./thesis.aux)
 ***********
LaTeX2e <2024-11-01> patch level 2
L3 programming layer <2022/08/05>
 ***********


LaTeX Font Warning: Size substitutions with differences
(Font)              up to 0.43146pt have occurred.

Package rerunfilecheck Info: File `thesis.out' has not changed.
(rerunfilecheck)             Checksum: E212177ECBC6F01354BBD56EC348CC21;9177.
 ) 
Here is how much of TeX's memory you used:
 25246 strings out of 475796
 511067 string characters out of 5773188
 1273738 words of memory out of 5000000
 47646 multiletter control sequences out of 15000+600000
 632049 words of font info for 254 fonts, out of 8000000 for 9000
 36 hyphenation exceptions out of 8191
 89i,20n,107p,901b,1296s stack positions out of 10000i,1000n,20000p,200000b,200000s

Output written on thesis.xdv (99 pages, 1458956 bytes).
