\BOOKMARK [0][-]{chapter.1}{\376\377\176\352\213\272}{}% 1
\BOOKMARK [1][-]{section.1.1}{\376\377\171\217\145\257\162\171\121\161\143\057\200\375\221\317\217\154\171\373\377\010\000F\000R\000E\000T\377\011}{chapter.1}% 2
\BOOKMARK [2][-]{subsection.1.1.1}{\376\377\000F\000R\000E\000T\123\237\164\006\151\202\217\360}{section.1.1}% 3
\BOOKMARK [2][-]{subsection.1.1.2}{\376\377\000F\000R\000E\000T\127\050\165\037\162\151\133\146\116\055\166\204\136\224\165\050}{section.1.1}% 4
\BOOKMARK [2][-]{subsection.1.1.3}{\376\377\127\372\116\216\123\327\117\123\145\117\123\026\123\321\134\004\166\204\000F\000R\000E\000T\133\232\221\317\155\113\221\317\145\271\154\325\377\010\000E\000-\000F\000R\000E\000T\377\011}{section.1.1}% 5
\BOOKMARK [1][-]{section.1.2}{\376\377\000F\000R\000E\000T\123\314\147\102\116\244\122\006\147\220\142\200\147\057}{chapter.1}% 6
\BOOKMARK [2][-]{subsection.1.2.1}{\376\377\127\372\116\216\000L\000a\000n\000g\000m\000i\000u\000r\152\041\127\213\146\362\176\277\142\337\124\010\166\204\000F\000R\000E\000T\123\314\147\102\116\244\122\006\147\220\377\010\000L\000-\000F\000R\000E\000T\377\011}{section.1.2}% 7
\BOOKMARK [2][-]{subsection.1.2.2}{\376\377\127\372\116\216\000F\000R\000E\000T\145\110\163\207\000E\000d\124\214\123\327\117\233\117\123\155\123\136\246\153\324\000R\000c\176\277\140\047\122\006\171\273\166\204\000F\000R\000E\000T\123\314\147\102\116\244\122\006\147\220\377\010\000D\000C\000-\000F\000R\000E\000T\377\011}{section.1.2}% 8
\BOOKMARK [1][-]{section.1.3}{\376\377\000F\000R\000E\000T\122\006\147\220\145\160\143\156\131\004\164\006\145\271\154\325\163\260\162\266}{chapter.1}% 9
\BOOKMARK [2][-]{subsection.1.3.1}{\376\377\000F\000R\000E\000T\123\314\147\102\116\244\122\006\147\220\145\160\143\156\131\004\164\006\163\260\162\266}{section.1.3}% 10
\BOOKMARK [2][-]{subsection.1.3.2}{\376\377\127\372\116\216\147\072\126\150\133\146\116\140\166\204\000F\000R\000E\000T\145\160\143\156\131\004\164\006}{section.1.3}% 11
\BOOKMARK [1][-]{section.1.4}{\376\377\147\054\145\207\166\204\135\345\117\134\121\205\133\271\124\214\141\017\116\111}{chapter.1}% 12
\BOOKMARK [1][-]{section.1.5}{\376\377\147\054\145\207\166\204\172\340\202\202\133\211\143\222}{chapter.1}% 13
\BOOKMARK [0][-]{chapter.2}{\376\377\000F\000r\000e\000t\000h\000a\166\204\213\276\213\241\124\214\137\000\123\321}{}% 14
\BOOKMARK [1][-]{section.2.1}{\376\377\137\025\212\000}{chapter.2}% 15
\BOOKMARK [1][-]{section.2.2}{\376\377\227\000\154\102\122\006\147\220\124\214\140\073\117\123\213\276\213\241}{chapter.2}% 16
\BOOKMARK [2][-]{subsection.2.2.1}{\376\377\227\000\154\102\122\006\147\220}{section.2.2}% 17
\BOOKMARK [2][-]{subsection.2.2.2}{\376\377\152\041\127\127\122\022\122\006\124\214\165\114\227\142\213\276\213\241}{section.2.2}% 18
\BOOKMARK [2][-]{subsection.2.2.3}{\376\377\217\157\116\366\140\073\117\123\150\106\147\266}{section.2.2}% 19
\BOOKMARK [2][-]{subsection.2.2.4}{\376\377\137\000\123\321\142\200\147\057\220\011\127\213}{section.2.2}% 20
\BOOKMARK [1][-]{section.2.3}{\376\377\000F\000R\000E\000T\173\227\154\325\124\214\124\016\123\360\143\245\123\343}{chapter.2}% 21
\BOOKMARK [2][-]{subsection.2.3.1}{\376\377\000F\000R\000E\000T\133\232\221\317\213\241\173\227\126\150}{section.2.3}% 22
\BOOKMARK [2][-]{subsection.2.3.2}{\376\377\000F\000R\000E\000T\126\376\120\317\131\004\164\006\126\150}{section.2.3}% 23
\BOOKMARK [2][-]{subsection.2.3.3}{\376\377\000F\000R\000E\000T\123\314\147\102\116\244\154\102\211\343\126\150}{section.2.3}% 24
\BOOKMARK [1][-]{section.2.4}{\376\377\122\237\200\375\152\041\127\127\166\204\133\236\163\260}{chapter.2}% 25
\BOOKMARK [2][-]{subsection.2.4.1}{\376\377\142\020\120\317\123\302\145\160\213\276\177\156\152\041\127\127}{section.2.4}% 26
\BOOKMARK [2][-]{subsection.2.4.2}{\376\377\145\160\143\156\150\300\232\214\152\041\127\127}{section.2.4}% 27
\BOOKMARK [2][-]{subsection.2.4.3}{\376\377\000F\000R\000E\000T\126\376\120\317\131\004\164\006\152\041\127\127}{section.2.4}% 28
\BOOKMARK [2][-]{subsection.2.4.4}{\376\377\145\160\143\156\173\241\164\006\152\041\127\127}{section.2.4}% 29
\BOOKMARK [2][-]{subsection.2.4.5}{\376\377\176\323\147\234\123\357\211\306\123\026\152\041\127\127}{section.2.4}% 30
\BOOKMARK [1][-]{section.2.5}{\376\377\147\054\172\340\134\017\176\323}{chapter.2}% 31
\BOOKMARK [0][-]{chapter.3}{\376\377\000F\000r\000e\000t\000h\000a\166\204\232\214\213\301\124\214\155\113\213\325}{}% 32
\BOOKMARK [1][-]{section.3.1}{\376\377\137\025\212\000}{chapter.3}% 33
\BOOKMARK [1][-]{section.3.2}{\376\377\147\120\145\231\116\016\145\271\154\325}{chapter.3}% 34
\BOOKMARK [2][-]{subsection.3.2.1}{\376\377\176\306\200\336\127\371\121\173\116\016\217\154\147\323}{section.3.2}% 35
\BOOKMARK [2][-]{subsection.3.2.2}{\376\377\000F\000R\000E\000T\142\020\120\317\174\373\176\337}{section.3.2}% 36
\BOOKMARK [2][-]{subsection.3.2.3}{\376\377\117\177\165\050\000F\000r\000e\000t\000h\000a\142\113\122\250\131\004\164\006\145\160\143\156}{section.3.2}% 37
\BOOKMARK [1][-]{section.3.3}{\376\377\176\323\147\234}{chapter.3}% 38
\BOOKMARK [2][-]{subsection.3.3.1}{\376\377\000E\000-\000F\000R\000E\000T\124\214\0003\0003\000-\000F\000R\000E\000T\232\214\213\301\133\236\232\214}{section.3.3}% 39
\BOOKMARK [2][-]{subsection.3.3.2}{\376\377\000F\000R\000E\000T\123\314\147\102\116\244\232\214\213\301\133\236\232\214}{section.3.3}% 40
\BOOKMARK [1][-]{section.3.4}{\376\377\000F\000r\000e\000t\000h\000a\217\157\116\366\155\113\213\325}{chapter.3}% 41
\BOOKMARK [2][-]{subsection.3.4.1}{\376\377\142\020\120\317\123\302\145\160\213\276\177\156\152\041\127\127\155\113\213\325}{section.3.4}% 42
\BOOKMARK [2][-]{subsection.3.4.2}{\376\377\145\160\143\156\150\300\232\214\152\041\127\127\155\113\213\325}{section.3.4}% 43
\BOOKMARK [2][-]{subsection.3.4.3}{\376\377\000F\000R\000E\000T\126\376\120\317\131\004\164\006\152\041\127\127\155\113\213\325}{section.3.4}% 44
\BOOKMARK [2][-]{subsection.3.4.4}{\376\377\145\160\143\156\173\241\164\006\152\041\127\127\155\113\213\325}{section.3.4}% 45
\BOOKMARK [2][-]{subsection.3.4.5}{\376\377\176\323\147\234\123\357\211\306\123\026\152\041\127\127\155\113\213\325}{section.3.4}% 46
\BOOKMARK [1][-]{section.3.5}{\376\377\000F\000r\000e\000t\000h\000a\123\357\227\140\140\047\155\113\213\325}{chapter.3}% 47
\BOOKMARK [1][-]{section.3.6}{\376\377\147\054\172\340\134\017\176\323}{chapter.3}% 48
\BOOKMARK [0][-]{chapter.4}{\376\377\127\372\116\216\000L\000U\000R\000S\166\204\201\352\122\250\000F\000R\000E\000T\123\314\147\102\116\244\122\006\147\220}{}% 49
\BOOKMARK [1][-]{section.4.1}{\376\377\137\025\212\000}{chapter.4}% 50
\BOOKMARK [1][-]{section.4.2}{\376\377\147\120\145\231\116\016\145\271\154\325}{chapter.4}% 51
\BOOKMARK [2][-]{subsection.4.2.1}{\376\377\176\306\200\336\127\371\121\173\116\016\217\154\147\323}{section.4.2}% 52
\BOOKMARK [2][-]{subsection.4.2.2}{\376\377\000F\000R\000E\000T\142\020\120\317\174\373\176\337}{section.4.2}% 53
\BOOKMARK [2][-]{subsection.4.2.3}{\376\377\127\372\116\216\146\016\136\246\124\214\127\107\123\000\136\246\166\204\201\352\122\250\000R\000O\000I\220\011\123\326\173\227\154\325\377\010\000L\000U\000R\000S\377\011}{section.4.2}% 54
\BOOKMARK [2][-]{subsection.4.2.4}{\376\377\127\372\116\216\000L\000U\000R\000S\166\204\201\352\122\250\000F\000R\000E\000T\123\314\147\102\116\244\122\006\147\220}{section.4.2}% 55
\BOOKMARK [1][-]{section.4.3}{\376\377\133\236\232\214\176\323\147\234}{chapter.4}% 56
\BOOKMARK [2][-]{subsection.4.3.1}{\376\377\000E\000-\000F\000R\000E\000T\124\214\0003\0003\000-\000F\000R\000E\000T\232\214\213\301\133\236\232\214}{section.4.3}% 57
\BOOKMARK [2][-]{subsection.4.3.2}{\376\377\000F\000R\000E\000T\123\314\147\102\116\244\232\214\213\301\133\236\232\214}{section.4.3}% 58
\BOOKMARK [2][-]{subsection.4.3.3}{\376\377\155\073\176\306\200\336\116\055\000\040\000B\000c\000l\000-\000x\000L\000-\000B\000a\000k\000\040\123\026\133\146\213\241\221\317\153\324\166\204\201\352\122\250\122\006\147\220}{section.4.3}% 59
\BOOKMARK [2][-]{subsection.4.3.4}{\376\377\201\352\122\250\122\006\147\220\173\227\154\325\140\047\200\375\133\371\153\324}{section.4.3}% 60
\BOOKMARK [1][-]{section.4.4}{\376\377\147\054\172\340\134\017\176\323}{chapter.4}% 61
\BOOKMARK [0][-]{chapter.5}{\376\377\140\073\176\323\116\016\134\125\147\033}{}% 62
\BOOKMARK [1][-]{section.5.1}{\376\377\147\054\145\207\166\204\116\073\211\201\121\205\133\271\124\214\140\073\176\323}{chapter.5}% 63
\BOOKMARK [1][-]{section.5.2}{\376\377\134\125\147\033}{chapter.5}% 64
\BOOKMARK [0][-]{chapter*.49}{\376\377\123\302\200\003\145\207\163\056}{}% 65
\BOOKMARK [0][-]{appendix*.50}{\376\377\147\054\145\207\122\033\145\260\140\047\213\364\146\016}{}% 66
